mode: set
github.com/yurika0211/luckyharness/api/grpc/luckyharness.pb.go:39.31,44.2 4 0
github.com/yurika0211/luckyharness/api/grpc/luckyharness.pb.go:46.39,48.2 1 0
github.com/yurika0211/luckyharness/api/grpc/luckyharness.pb.go:50.37,50.38 0 0
github.com/yurika0211/luckyharness/api/grpc/luckyharness.pb.go:52.59,54.14 2 0
github.com/yurika0211/luckyharness/api/grpc/luckyharness.pb.go:54.14,56.34 2 0
github.com/yurika0211/luckyharness/api/grpc/luckyharness.pb.go:56.34,58.4 1 0
github.com/yurika0211/luckyharness/api/grpc/luckyharness.pb.go:59.3,59.12 1 0
github.com/yurika0211/luckyharness/api/grpc/luckyharness.pb.go:61.2,61.24 1 0
github.com/yurika0211/luckyharness/api/grpc/luckyharness.pb.go:65.50,67.2 1 0
github.com/yurika0211/luckyharness/api/grpc/luckyharness.pb.go:69.43,70.14 1 0
github.com/yurika0211/luckyharness/api/grpc/luckyharness.pb.go:70.14,72.3 1 0
github.com/yurika0211/luckyharness/api/grpc/luckyharness.pb.go:73.2,73.11 1 0
github.com/yurika0211/luckyharness/api/grpc/luckyharness.pb.go:76.45,77.14 1 0
github.com/yurika0211/luckyharness/api/grpc/luckyharness.pb.go:77.14,79.3 1 0
github.com/yurika0211/luckyharness/api/grpc/luckyharness.pb.go:80.2,80.11 1 0
github.com/yurika0211/luckyharness/api/grpc/luckyharness.pb.go:83.48,84.14 1 0
github.com/yurika0211/luckyharness/api/grpc/luckyharness.pb.go:84.14,86.3 1 0
github.com/yurika0211/luckyharness/api/grpc/luckyharness.pb.go:87.2,87.10 1 0
github.com/yurika0211/luckyharness/api/grpc/luckyharness.pb.go:90.45,91.14 1 0
github.com/yurika0211/luckyharness/api/grpc/luckyharness.pb.go:91.14,93.3 1 0
github.com/yurika0211/luckyharness/api/grpc/luckyharness.pb.go:94.2,94.14 1 0
github.com/yurika0211/luckyharness/api/grpc/luckyharness.pb.go:97.55,98.14 1 0
github.com/yurika0211/luckyharness/api/grpc/luckyharness.pb.go:98.14,100.3 1 0
github.com/yurika0211/luckyharness/api/grpc/luckyharness.pb.go:101.2,101.12 1 0
github.com/yurika0211/luckyharness/api/grpc/luckyharness.pb.go:116.32,121.2 4 0
github.com/yurika0211/luckyharness/api/grpc/luckyharness.pb.go:123.40,125.2 1 0
github.com/yurika0211/luckyharness/api/grpc/luckyharness.pb.go:127.38,127.39 0 0
github.com/yurika0211/luckyharness/api/grpc/luckyharness.pb.go:129.60,131.14 2 0
github.com/yurika0211/luckyharness/api/grpc/luckyharness.pb.go:131.14,133.34 2 0
github.com/yurika0211/luckyharness/api/grpc/luckyharness.pb.go:133.34,135.4 1 0
github.com/yurika0211/luckyharness/api/grpc/luckyharness.pb.go:136.3,136.12 1 0
github.com/yurika0211/luckyharness/api/grpc/luckyharness.pb.go:138.2,138.24 1 0
github.com/yurika0211/luckyharness/api/grpc/luckyharness.pb.go:142.51,144.2 1 0
github.com/yurika0211/luckyharness/api/grpc/luckyharness.pb.go:146.45,147.14 1 0
github.com/yurika0211/luckyharness/api/grpc/luckyharness.pb.go:147.14,149.3 1 0
github.com/yurika0211/luckyharness/api/grpc/luckyharness.pb.go:150.2,150.11 1 0
github.com/yurika0211/luckyharness/api/grpc/luckyharness.pb.go:153.46,154.14 1 0
github.com/yurika0211/luckyharness/api/grpc/luckyharness.pb.go:154.14,156.3 1 0
github.com/yurika0211/luckyharness/api/grpc/luckyharness.pb.go:157.2,157.11 1 0
github.com/yurika0211/luckyharness/api/grpc/luckyharness.pb.go:160.46,161.14 1 0
github.com/yurika0211/luckyharness/api/grpc/luckyharness.pb.go:161.14,163.3 1 0
github.com/yurika0211/luckyharness/api/grpc/luckyharness.pb.go:164.2,164.10 1 0
github.com/yurika0211/luckyharness/api/grpc/luckyharness.pb.go:167.46,168.14 1 0
github.com/yurika0211/luckyharness/api/grpc/luckyharness.pb.go:168.14,170.3 1 0
github.com/yurika0211/luckyharness/api/grpc/luckyharness.pb.go:171.2,171.10 1 0
github.com/yurika0211/luckyharness/api/grpc/luckyharness.pb.go:174.51,175.14 1 0
github.com/yurika0211/luckyharness/api/grpc/luckyharness.pb.go:175.14,177.3 1 0
github.com/yurika0211/luckyharness/api/grpc/luckyharness.pb.go:178.2,178.12 1 0
github.com/yurika0211/luckyharness/api/grpc/luckyharness.pb.go:181.45,182.14 1 0
github.com/yurika0211/luckyharness/api/grpc/luckyharness.pb.go:182.14,184.3 1 0
github.com/yurika0211/luckyharness/api/grpc/luckyharness.pb.go:185.2,185.11 1 0
github.com/yurika0211/luckyharness/api/grpc/luckyharness.pb.go:197.29,202.2 4 0
github.com/yurika0211/luckyharness/api/grpc/luckyharness.pb.go:204.37,206.2 1 0
github.com/yurika0211/luckyharness/api/grpc/luckyharness.pb.go:208.35,208.36 0 0
github.com/yurika0211/luckyharness/api/grpc/luckyharness.pb.go:210.57,212.14 2 0
github.com/yurika0211/luckyharness/api/grpc/luckyharness.pb.go:212.14,214.34 2 0
github.com/yurika0211/luckyharness/api/grpc/luckyharness.pb.go:214.34,216.4 1 0
github.com/yurika0211/luckyharness/api/grpc/luckyharness.pb.go:217.3,217.12 1 0
github.com/yurika0211/luckyharness/api/grpc/luckyharness.pb.go:219.2,219.24 1 0
github.com/yurika0211/luckyharness/api/grpc/luckyharness.pb.go:223.48,225.2 1 0
github.com/yurika0211/luckyharness/api/grpc/luckyharness.pb.go:227.41,228.14 1 0
github.com/yurika0211/luckyharness/api/grpc/luckyharness.pb.go:228.14,230.3 1 0
github.com/yurika0211/luckyharness/api/grpc/luckyharness.pb.go:231.2,231.11 1 0
github.com/yurika0211/luckyharness/api/grpc/luckyharness.pb.go:234.43,235.14 1 0
github.com/yurika0211/luckyharness/api/grpc/luckyharness.pb.go:235.14,237.3 1 0
github.com/yurika0211/luckyharness/api/grpc/luckyharness.pb.go:238.2,238.11 1 0
github.com/yurika0211/luckyharness/api/grpc/luckyharness.pb.go:241.36,242.14 1 0
github.com/yurika0211/luckyharness/api/grpc/luckyharness.pb.go:242.14,244.3 1 0
github.com/yurika0211/luckyharness/api/grpc/luckyharness.pb.go:245.2,245.14 1 0
github.com/yurika0211/luckyharness/api/grpc/luckyharness.pb.go:258.28,263.2 4 0
github.com/yurika0211/luckyharness/api/grpc/luckyharness.pb.go:265.36,267.2 1 0
github.com/yurika0211/luckyharness/api/grpc/luckyharness.pb.go:269.34,269.35 0 0
github.com/yurika0211/luckyharness/api/grpc/luckyharness.pb.go:271.56,273.14 2 0
github.com/yurika0211/luckyharness/api/grpc/luckyharness.pb.go:273.14,275.34 2 0
github.com/yurika0211/luckyharness/api/grpc/luckyharness.pb.go:275.34,277.4 1 0
github.com/yurika0211/luckyharness/api/grpc/luckyharness.pb.go:278.3,278.12 1 0
github.com/yurika0211/luckyharness/api/grpc/luckyharness.pb.go:280.2,280.24 1 0
github.com/yurika0211/luckyharness/api/grpc/luckyharness.pb.go:284.47,286.2 1 0
github.com/yurika0211/luckyharness/api/grpc/luckyharness.pb.go:288.37,289.14 1 0
github.com/yurika0211/luckyharness/api/grpc/luckyharness.pb.go:289.14,291.3 1 0
github.com/yurika0211/luckyharness/api/grpc/luckyharness.pb.go:292.2,292.11 1 0
github.com/yurika0211/luckyharness/api/grpc/luckyharness.pb.go:295.42,296.14 1 0
github.com/yurika0211/luckyharness/api/grpc/luckyharness.pb.go:296.14,298.3 1 0
github.com/yurika0211/luckyharness/api/grpc/luckyharness.pb.go:299.2,299.11 1 0
github.com/yurika0211/luckyharness/api/grpc/luckyharness.pb.go:302.39,303.14 1 0
github.com/yurika0211/luckyharness/api/grpc/luckyharness.pb.go:303.14,305.3 1 0
github.com/yurika0211/luckyharness/api/grpc/luckyharness.pb.go:306.2,306.11 1 0
github.com/yurika0211/luckyharness/api/grpc/luckyharness.pb.go:309.41,310.14 1 0
github.com/yurika0211/luckyharness/api/grpc/luckyharness.pb.go:310.14,312.3 1 0
github.com/yurika0211/luckyharness/api/grpc/luckyharness.pb.go:313.2,313.11 1 0
github.com/yurika0211/luckyharness/api/grpc/luckyharness.pb.go:327.38,332.2 4 0
github.com/yurika0211/luckyharness/api/grpc/luckyharness.pb.go:334.46,336.2 1 0
github.com/yurika0211/luckyharness/api/grpc/luckyharness.pb.go:338.44,338.45 0 0
github.com/yurika0211/luckyharness/api/grpc/luckyharness.pb.go:340.66,342.14 2 0
github.com/yurika0211/luckyharness/api/grpc/luckyharness.pb.go:342.14,344.34 2 0
github.com/yurika0211/luckyharness/api/grpc/luckyharness.pb.go:344.34,346.4 1 0
github.com/yurika0211/luckyharness/api/grpc/luckyharness.pb.go:347.3,347.12 1 0
github.com/yurika0211/luckyharness/api/grpc/luckyharness.pb.go:349.2,349.24 1 0
github.com/yurika0211/luckyharness/api/grpc/luckyharness.pb.go:353.57,355.2 1 0
github.com/yurika0211/luckyharness/api/grpc/luckyharness.pb.go:357.50,358.14 1 0
github.com/yurika0211/luckyharness/api/grpc/luckyharness.pb.go:358.14,360.3 1 0
github.com/yurika0211/luckyharness/api/grpc/luckyharness.pb.go:361.2,361.11 1 0
github.com/yurika0211/luckyharness/api/grpc/luckyharness.pb.go:364.51,365.14 1 0
github.com/yurika0211/luckyharness/api/grpc/luckyharness.pb.go:365.14,367.3 1 0
github.com/yurika0211/luckyharness/api/grpc/luckyharness.pb.go:368.2,368.11 1 0
github.com/yurika0211/luckyharness/api/grpc/luckyharness.pb.go:371.47,372.14 1 0
github.com/yurika0211/luckyharness/api/grpc/luckyharness.pb.go:372.14,374.3 1 0
github.com/yurika0211/luckyharness/api/grpc/luckyharness.pb.go:375.2,375.11 1 0
github.com/yurika0211/luckyharness/api/grpc/luckyharness.pb.go:378.54,379.14 1 0
github.com/yurika0211/luckyharness/api/grpc/luckyharness.pb.go:379.14,381.3 1 0
github.com/yurika0211/luckyharness/api/grpc/luckyharness.pb.go:382.2,382.10 1 0
github.com/yurika0211/luckyharness/api/grpc/luckyharness.pb.go:399.31,404.2 4 0
github.com/yurika0211/luckyharness/api/grpc/luckyharness.pb.go:406.39,408.2 1 0
github.com/yurika0211/luckyharness/api/grpc/luckyharness.pb.go:410.37,410.38 0 0
github.com/yurika0211/luckyharness/api/grpc/luckyharness.pb.go:412.59,414.14 2 0
github.com/yurika0211/luckyharness/api/grpc/luckyharness.pb.go:414.14,416.34 2 0
github.com/yurika0211/luckyharness/api/grpc/luckyharness.pb.go:416.34,418.4 1 0
github.com/yurika0211/luckyharness/api/grpc/luckyharness.pb.go:419.3,419.12 1 0
github.com/yurika0211/luckyharness/api/grpc/luckyharness.pb.go:421.2,421.24 1 0
github.com/yurika0211/luckyharness/api/grpc/luckyharness.pb.go:425.50,427.2 1 0
github.com/yurika0211/luckyharness/api/grpc/luckyharness.pb.go:429.38,430.14 1 0
github.com/yurika0211/luckyharness/api/grpc/luckyharness.pb.go:430.14,432.3 1 0
github.com/yurika0211/luckyharness/api/grpc/luckyharness.pb.go:433.2,433.11 1 0
github.com/yurika0211/luckyharness/api/grpc/luckyharness.pb.go:436.43,437.14 1 0
github.com/yurika0211/luckyharness/api/grpc/luckyharness.pb.go:437.14,439.3 1 0
github.com/yurika0211/luckyharness/api/grpc/luckyharness.pb.go:440.2,440.11 1 0
github.com/yurika0211/luckyharness/api/grpc/luckyharness.pb.go:443.44,444.14 1 0
github.com/yurika0211/luckyharness/api/grpc/luckyharness.pb.go:444.14,446.3 1 0
github.com/yurika0211/luckyharness/api/grpc/luckyharness.pb.go:447.2,447.11 1 0
github.com/yurika0211/luckyharness/api/grpc/luckyharness.pb.go:450.40,451.14 1 0
github.com/yurika0211/luckyharness/api/grpc/luckyharness.pb.go:451.14,453.3 1 0
github.com/yurika0211/luckyharness/api/grpc/luckyharness.pb.go:454.2,454.11 1 0
github.com/yurika0211/luckyharness/api/grpc/luckyharness.pb.go:457.47,458.14 1 0
github.com/yurika0211/luckyharness/api/grpc/luckyharness.pb.go:458.14,460.3 1 0
github.com/yurika0211/luckyharness/api/grpc/luckyharness.pb.go:461.2,461.10 1 0
github.com/yurika0211/luckyharness/api/grpc/luckyharness.pb.go:464.46,465.14 1 0
github.com/yurika0211/luckyharness/api/grpc/luckyharness.pb.go:465.14,467.3 1 0
github.com/yurika0211/luckyharness/api/grpc/luckyharness.pb.go:468.2,468.10 1 0
github.com/yurika0211/luckyharness/api/grpc/luckyharness.pb.go:471.61,472.14 1 0
github.com/yurika0211/luckyharness/api/grpc/luckyharness.pb.go:472.14,474.3 1 0
github.com/yurika0211/luckyharness/api/grpc/luckyharness.pb.go:475.2,475.12 1 0
github.com/yurika0211/luckyharness/api/grpc/luckyharness.pb.go:478.61,479.14 1 0
github.com/yurika0211/luckyharness/api/grpc/luckyharness.pb.go:479.14,481.3 1 0
github.com/yurika0211/luckyharness/api/grpc/luckyharness.pb.go:482.2,482.12 1 0
github.com/yurika0211/luckyharness/api/grpc/luckyharness.pb.go:494.39,499.2 4 0
github.com/yurika0211/luckyharness/api/grpc/luckyharness.pb.go:501.47,503.2 1 0
github.com/yurika0211/luckyharness/api/grpc/luckyharness.pb.go:505.45,505.46 0 0
github.com/yurika0211/luckyharness/api/grpc/luckyharness.pb.go:507.67,509.14 2 0
github.com/yurika0211/luckyharness/api/grpc/luckyharness.pb.go:509.14,511.34 2 0
github.com/yurika0211/luckyharness/api/grpc/luckyharness.pb.go:511.34,513.4 1 0
github.com/yurika0211/luckyharness/api/grpc/luckyharness.pb.go:514.3,514.12 1 0
github.com/yurika0211/luckyharness/api/grpc/luckyharness.pb.go:516.2,516.24 1 0
github.com/yurika0211/luckyharness/api/grpc/luckyharness.pb.go:520.58,522.2 1 0
github.com/yurika0211/luckyharness/api/grpc/luckyharness.pb.go:524.49,525.14 1 0
github.com/yurika0211/luckyharness/api/grpc/luckyharness.pb.go:525.14,527.3 1 0
github.com/yurika0211/luckyharness/api/grpc/luckyharness.pb.go:528.2,528.11 1 0
github.com/yurika0211/luckyharness/api/grpc/luckyharness.pb.go:531.48,532.14 1 0
github.com/yurika0211/luckyharness/api/grpc/luckyharness.pb.go:532.14,534.3 1 0
github.com/yurika0211/luckyharness/api/grpc/luckyharness.pb.go:535.2,535.10 1 0
github.com/yurika0211/luckyharness/api/grpc/luckyharness.pb.go:538.52,539.14 1 0
github.com/yurika0211/luckyharness/api/grpc/luckyharness.pb.go:539.14,541.3 1 0
github.com/yurika0211/luckyharness/api/grpc/luckyharness.pb.go:542.2,542.11 1 0
github.com/yurika0211/luckyharness/api/grpc/luckyharness.pb.go:553.40,558.2 4 0
github.com/yurika0211/luckyharness/api/grpc/luckyharness.pb.go:560.48,562.2 1 0
github.com/yurika0211/luckyharness/api/grpc/luckyharness.pb.go:564.46,564.47 0 0
github.com/yurika0211/luckyharness/api/grpc/luckyharness.pb.go:566.68,568.14 2 0
github.com/yurika0211/luckyharness/api/grpc/luckyharness.pb.go:568.14,570.34 2 0
github.com/yurika0211/luckyharness/api/grpc/luckyharness.pb.go:570.34,572.4 1 0
github.com/yurika0211/luckyharness/api/grpc/luckyharness.pb.go:573.3,573.12 1 0
github.com/yurika0211/luckyharness/api/grpc/luckyharness.pb.go:575.2,575.24 1 0
github.com/yurika0211/luckyharness/api/grpc/luckyharness.pb.go:579.59,581.2 1 0
github.com/yurika0211/luckyharness/api/grpc/luckyharness.pb.go:583.60,584.14 1 0
github.com/yurika0211/luckyharness/api/grpc/luckyharness.pb.go:584.14,586.3 1 0
github.com/yurika0211/luckyharness/api/grpc/luckyharness.pb.go:587.2,587.12 1 0
github.com/yurika0211/luckyharness/api/grpc/luckyharness.pb.go:590.49,591.14 1 0
github.com/yurika0211/luckyharness/api/grpc/luckyharness.pb.go:591.14,593.3 1 0
github.com/yurika0211/luckyharness/api/grpc/luckyharness.pb.go:594.2,594.10 1 0
github.com/yurika0211/luckyharness/api/grpc/luckyharness.pb.go:605.38,610.2 4 0
github.com/yurika0211/luckyharness/api/grpc/luckyharness.pb.go:612.46,614.2 1 0
github.com/yurika0211/luckyharness/api/grpc/luckyharness.pb.go:616.44,616.45 0 0
github.com/yurika0211/luckyharness/api/grpc/luckyharness.pb.go:618.66,620.14 2 0
github.com/yurika0211/luckyharness/api/grpc/luckyharness.pb.go:620.14,622.34 2 0
github.com/yurika0211/luckyharness/api/grpc/luckyharness.pb.go:622.34,624.4 1 0
github.com/yurika0211/luckyharness/api/grpc/luckyharness.pb.go:625.3,625.12 1 0
github.com/yurika0211/luckyharness/api/grpc/luckyharness.pb.go:627.2,627.24 1 0
github.com/yurika0211/luckyharness/api/grpc/luckyharness.pb.go:631.57,633.2 1 0
github.com/yurika0211/luckyharness/api/grpc/luckyharness.pb.go:635.58,636.14 1 0
github.com/yurika0211/luckyharness/api/grpc/luckyharness.pb.go:636.14,638.3 1 0
github.com/yurika0211/luckyharness/api/grpc/luckyharness.pb.go:639.2,639.12 1 0
github.com/yurika0211/luckyharness/api/grpc/luckyharness.pb.go:642.47,643.14 1 0
github.com/yurika0211/luckyharness/api/grpc/luckyharness.pb.go:643.14,645.3 1 0
github.com/yurika0211/luckyharness/api/grpc/luckyharness.pb.go:646.2,646.10 1 0
github.com/yurika0211/luckyharness/api/grpc/luckyharness.pb.go:656.39,661.2 4 0
github.com/yurika0211/luckyharness/api/grpc/luckyharness.pb.go:663.47,665.2 1 0
github.com/yurika0211/luckyharness/api/grpc/luckyharness.pb.go:667.45,667.46 0 0
github.com/yurika0211/luckyharness/api/grpc/luckyharness.pb.go:669.67,671.14 2 0
github.com/yurika0211/luckyharness/api/grpc/luckyharness.pb.go:671.14,673.34 2 0
github.com/yurika0211/luckyharness/api/grpc/luckyharness.pb.go:673.34,675.4 1 0
github.com/yurika0211/luckyharness/api/grpc/luckyharness.pb.go:676.3,676.12 1 0
github.com/yurika0211/luckyharness/api/grpc/luckyharness.pb.go:678.2,678.24 1 0
github.com/yurika0211/luckyharness/api/grpc/luckyharness.pb.go:682.58,684.2 1 0
github.com/yurika0211/luckyharness/api/grpc/luckyharness.pb.go:686.46,687.14 1 0
github.com/yurika0211/luckyharness/api/grpc/luckyharness.pb.go:687.14,689.3 1 0
github.com/yurika0211/luckyharness/api/grpc/luckyharness.pb.go:690.2,690.11 1 0
github.com/yurika0211/luckyharness/api/grpc/luckyharness.pb.go:703.35,708.2 4 0
github.com/yurika0211/luckyharness/api/grpc/luckyharness.pb.go:710.43,712.2 1 0
github.com/yurika0211/luckyharness/api/grpc/luckyharness.pb.go:714.41,714.42 0 0
github.com/yurika0211/luckyharness/api/grpc/luckyharness.pb.go:716.63,718.14 2 0
github.com/yurika0211/luckyharness/api/grpc/luckyharness.pb.go:718.14,720.34 2 0
github.com/yurika0211/luckyharness/api/grpc/luckyharness.pb.go:720.34,722.4 1 0
github.com/yurika0211/luckyharness/api/grpc/luckyharness.pb.go:723.3,723.12 1 0
github.com/yurika0211/luckyharness/api/grpc/luckyharness.pb.go:725.2,725.24 1 0
github.com/yurika0211/luckyharness/api/grpc/luckyharness.pb.go:729.54,731.2 1 0
github.com/yurika0211/luckyharness/api/grpc/luckyharness.pb.go:733.47,734.14 1 0
github.com/yurika0211/luckyharness/api/grpc/luckyharness.pb.go:734.14,736.3 1 0
github.com/yurika0211/luckyharness/api/grpc/luckyharness.pb.go:737.2,737.11 1 0
github.com/yurika0211/luckyharness/api/grpc/luckyharness.pb.go:740.46,741.14 1 0
github.com/yurika0211/luckyharness/api/grpc/luckyharness.pb.go:741.14,743.3 1 0
github.com/yurika0211/luckyharness/api/grpc/luckyharness.pb.go:744.2,744.11 1 0
github.com/yurika0211/luckyharness/api/grpc/luckyharness.pb.go:747.59,748.14 1 0
github.com/yurika0211/luckyharness/api/grpc/luckyharness.pb.go:748.14,750.3 1 0
github.com/yurika0211/luckyharness/api/grpc/luckyharness.pb.go:751.2,751.12 1 0
github.com/yurika0211/luckyharness/api/grpc/luckyharness.pb.go:763.36,768.2 4 0
github.com/yurika0211/luckyharness/api/grpc/luckyharness.pb.go:770.44,772.2 1 0
github.com/yurika0211/luckyharness/api/grpc/luckyharness.pb.go:774.42,774.43 0 0
github.com/yurika0211/luckyharness/api/grpc/luckyharness.pb.go:776.64,778.14 2 0
github.com/yurika0211/luckyharness/api/grpc/luckyharness.pb.go:778.14,780.34 2 0
github.com/yurika0211/luckyharness/api/grpc/luckyharness.pb.go:780.34,782.4 1 0
github.com/yurika0211/luckyharness/api/grpc/luckyharness.pb.go:783.3,783.12 1 0
github.com/yurika0211/luckyharness/api/grpc/luckyharness.pb.go:785.2,785.24 1 0
github.com/yurika0211/luckyharness/api/grpc/luckyharness.pb.go:789.55,791.2 1 0
github.com/yurika0211/luckyharness/api/grpc/luckyharness.pb.go:793.43,794.14 1 0
github.com/yurika0211/luckyharness/api/grpc/luckyharness.pb.go:794.14,796.3 1 0
github.com/yurika0211/luckyharness/api/grpc/luckyharness.pb.go:797.2,797.11 1 0
github.com/yurika0211/luckyharness/api/grpc/luckyharness.pb.go:800.49,801.14 1 0
github.com/yurika0211/luckyharness/api/grpc/luckyharness.pb.go:801.14,803.3 1 0
github.com/yurika0211/luckyharness/api/grpc/luckyharness.pb.go:804.2,804.10 1 0
github.com/yurika0211/luckyharness/api/grpc/luckyharness.pb.go:807.52,808.14 1 0
github.com/yurika0211/luckyharness/api/grpc/luckyharness.pb.go:808.14,810.3 1 0
github.com/yurika0211/luckyharness/api/grpc/luckyharness.pb.go:811.2,811.10 1 0
github.com/yurika0211/luckyharness/api/grpc/luckyharness.pb.go:823.36,828.2 4 0
github.com/yurika0211/luckyharness/api/grpc/luckyharness.pb.go:830.44,832.2 1 0
github.com/yurika0211/luckyharness/api/grpc/luckyharness.pb.go:834.42,834.43 0 0
github.com/yurika0211/luckyharness/api/grpc/luckyharness.pb.go:836.64,838.14 2 0
github.com/yurika0211/luckyharness/api/grpc/luckyharness.pb.go:838.14,840.34 2 0
github.com/yurika0211/luckyharness/api/grpc/luckyharness.pb.go:840.34,842.4 1 0
github.com/yurika0211/luckyharness/api/grpc/luckyharness.pb.go:843.3,843.12 1 0
github.com/yurika0211/luckyharness/api/grpc/luckyharness.pb.go:845.2,845.24 1 0
github.com/yurika0211/luckyharness/api/grpc/luckyharness.pb.go:849.55,851.2 1 0
github.com/yurika0211/luckyharness/api/grpc/luckyharness.pb.go:853.46,854.14 1 0
github.com/yurika0211/luckyharness/api/grpc/luckyharness.pb.go:854.14,856.3 1 0
github.com/yurika0211/luckyharness/api/grpc/luckyharness.pb.go:857.2,857.11 1 0
github.com/yurika0211/luckyharness/api/grpc/luckyharness.pb.go:860.45,861.14 1 0
github.com/yurika0211/luckyharness/api/grpc/luckyharness.pb.go:861.14,863.3 1 0
github.com/yurika0211/luckyharness/api/grpc/luckyharness.pb.go:864.2,864.10 1 0
github.com/yurika0211/luckyharness/api/grpc/luckyharness.pb.go:867.51,868.14 1 0
github.com/yurika0211/luckyharness/api/grpc/luckyharness.pb.go:868.14,870.3 1 0
github.com/yurika0211/luckyharness/api/grpc/luckyharness.pb.go:871.2,871.10 1 0
github.com/yurika0211/luckyharness/api/grpc/luckyharness.pb.go:882.37,887.2 4 0
github.com/yurika0211/luckyharness/api/grpc/luckyharness.pb.go:889.45,891.2 1 0
github.com/yurika0211/luckyharness/api/grpc/luckyharness.pb.go:893.43,893.44 0 0
github.com/yurika0211/luckyharness/api/grpc/luckyharness.pb.go:895.65,897.14 2 0
github.com/yurika0211/luckyharness/api/grpc/luckyharness.pb.go:897.14,899.34 2 0
github.com/yurika0211/luckyharness/api/grpc/luckyharness.pb.go:899.34,901.4 1 0
github.com/yurika0211/luckyharness/api/grpc/luckyharness.pb.go:902.3,902.12 1 0
github.com/yurika0211/luckyharness/api/grpc/luckyharness.pb.go:904.2,904.24 1 0
github.com/yurika0211/luckyharness/api/grpc/luckyharness.pb.go:908.56,910.2 1 0
github.com/yurika0211/luckyharness/api/grpc/luckyharness.pb.go:912.55,913.14 1 0
github.com/yurika0211/luckyharness/api/grpc/luckyharness.pb.go:913.14,915.3 1 0
github.com/yurika0211/luckyharness/api/grpc/luckyharness.pb.go:916.2,916.12 1 0
github.com/yurika0211/luckyharness/api/grpc/luckyharness.pb.go:919.46,920.14 1 0
github.com/yurika0211/luckyharness/api/grpc/luckyharness.pb.go:920.14,922.3 1 0
github.com/yurika0211/luckyharness/api/grpc/luckyharness.pb.go:923.2,923.10 1 0
github.com/yurika0211/luckyharness/api/grpc/luckyharness.pb.go:937.29,942.2 4 0
github.com/yurika0211/luckyharness/api/grpc/luckyharness.pb.go:944.37,946.2 1 0
github.com/yurika0211/luckyharness/api/grpc/luckyharness.pb.go:948.35,948.36 0 0
github.com/yurika0211/luckyharness/api/grpc/luckyharness.pb.go:950.57,952.14 2 0
github.com/yurika0211/luckyharness/api/grpc/luckyharness.pb.go:952.14,954.34 2 0
github.com/yurika0211/luckyharness/api/grpc/luckyharness.pb.go:954.34,956.4 1 0
github.com/yurika0211/luckyharness/api/grpc/luckyharness.pb.go:957.3,957.12 1 0
github.com/yurika0211/luckyharness/api/grpc/luckyharness.pb.go:959.2,959.24 1 0
github.com/yurika0211/luckyharness/api/grpc/luckyharness.pb.go:963.48,965.2 1 0
github.com/yurika0211/luckyharness/api/grpc/luckyharness.pb.go:967.36,968.14 1 0
github.com/yurika0211/luckyharness/api/grpc/luckyharness.pb.go:968.14,970.3 1 0
github.com/yurika0211/luckyharness/api/grpc/luckyharness.pb.go:971.2,971.11 1 0
github.com/yurika0211/luckyharness/api/grpc/luckyharness.pb.go:974.41,975.14 1 0
github.com/yurika0211/luckyharness/api/grpc/luckyharness.pb.go:975.14,977.3 1 0
github.com/yurika0211/luckyharness/api/grpc/luckyharness.pb.go:978.2,978.11 1 0
github.com/yurika0211/luckyharness/api/grpc/luckyharness.pb.go:981.40,982.14 1 0
github.com/yurika0211/luckyharness/api/grpc/luckyharness.pb.go:982.14,984.3 1 0
github.com/yurika0211/luckyharness/api/grpc/luckyharness.pb.go:985.2,985.11 1 0
github.com/yurika0211/luckyharness/api/grpc/luckyharness.pb.go:988.40,989.14 1 0
github.com/yurika0211/luckyharness/api/grpc/luckyharness.pb.go:989.14,991.3 1 0
github.com/yurika0211/luckyharness/api/grpc/luckyharness.pb.go:992.2,992.10 1 0
github.com/yurika0211/luckyharness/api/grpc/luckyharness.pb.go:995.53,996.14 1 0
github.com/yurika0211/luckyharness/api/grpc/luckyharness.pb.go:996.14,998.3 1 0
github.com/yurika0211/luckyharness/api/grpc/luckyharness.pb.go:999.2,999.12 1 0
github.com/yurika0211/luckyharness/api/grpc/luckyharness.pb.go:1013.41,1018.2 4 0
github.com/yurika0211/luckyharness/api/grpc/luckyharness.pb.go:1020.49,1022.2 1 0
github.com/yurika0211/luckyharness/api/grpc/luckyharness.pb.go:1024.47,1024.48 0 0
github.com/yurika0211/luckyharness/api/grpc/luckyharness.pb.go:1026.69,1028.14 2 0
github.com/yurika0211/luckyharness/api/grpc/luckyharness.pb.go:1028.14,1030.34 2 0
github.com/yurika0211/luckyharness/api/grpc/luckyharness.pb.go:1030.34,1032.4 1 0
github.com/yurika0211/luckyharness/api/grpc/luckyharness.pb.go:1033.3,1033.12 1 0
github.com/yurika0211/luckyharness/api/grpc/luckyharness.pb.go:1035.2,1035.24 1 0
github.com/yurika0211/luckyharness/api/grpc/luckyharness.pb.go:1039.60,1041.2 1 0
github.com/yurika0211/luckyharness/api/grpc/luckyharness.pb.go:1043.50,1044.14 1 0
github.com/yurika0211/luckyharness/api/grpc/luckyharness.pb.go:1044.14,1046.3 1 0
github.com/yurika0211/luckyharness/api/grpc/luckyharness.pb.go:1047.2,1047.11 1 0
github.com/yurika0211/luckyharness/api/grpc/luckyharness.pb.go:1050.57,1051.14 1 0
github.com/yurika0211/luckyharness/api/grpc/luckyharness.pb.go:1051.14,1053.3 1 0
github.com/yurika0211/luckyharness/api/grpc/luckyharness.pb.go:1054.2,1054.11 1 0
github.com/yurika0211/luckyharness/api/grpc/luckyharness.pb.go:1057.52,1058.14 1 0
github.com/yurika0211/luckyharness/api/grpc/luckyharness.pb.go:1058.14,1060.3 1 0
github.com/yurika0211/luckyharness/api/grpc/luckyharness.pb.go:1061.2,1061.12 1 0
github.com/yurika0211/luckyharness/api/grpc/luckyharness.pb.go:1064.53,1065.14 1 0
github.com/yurika0211/luckyharness/api/grpc/luckyharness.pb.go:1065.14,1067.3 1 0
github.com/yurika0211/luckyharness/api/grpc/luckyharness.pb.go:1068.2,1068.11 1 0
github.com/yurika0211/luckyharness/api/grpc/luckyharness.pb.go:1086.24,1091.2 4 0
github.com/yurika0211/luckyharness/api/grpc/luckyharness.pb.go:1093.32,1095.2 1 0
github.com/yurika0211/luckyharness/api/grpc/luckyharness.pb.go:1097.30,1097.31 0 0
github.com/yurika0211/luckyharness/api/grpc/luckyharness.pb.go:1099.52,1101.14 2 0
github.com/yurika0211/luckyharness/api/grpc/luckyharness.pb.go:1101.14,1103.34 2 0
github.com/yurika0211/luckyharness/api/grpc/luckyharness.pb.go:1103.34,1105.4 1 0
github.com/yurika0211/luckyharness/api/grpc/luckyharness.pb.go:1106.3,1106.12 1 0
github.com/yurika0211/luckyharness/api/grpc/luckyharness.pb.go:1108.2,1108.24 1 0
github.com/yurika0211/luckyharness/api/grpc/luckyharness.pb.go:1112.43,1114.2 1 0
github.com/yurika0211/luckyharness/api/grpc/luckyharness.pb.go:1116.31,1117.14 1 0
github.com/yurika0211/luckyharness/api/grpc/luckyharness.pb.go:1117.14,1119.3 1 0
github.com/yurika0211/luckyharness/api/grpc/luckyharness.pb.go:1120.2,1120.11 1 0
github.com/yurika0211/luckyharness/api/grpc/luckyharness.pb.go:1123.33,1124.14 1 0
github.com/yurika0211/luckyharness/api/grpc/luckyharness.pb.go:1124.14,1126.3 1 0
github.com/yurika0211/luckyharness/api/grpc/luckyharness.pb.go:1127.2,1127.11 1 0
github.com/yurika0211/luckyharness/api/grpc/luckyharness.pb.go:1130.40,1131.14 1 0
github.com/yurika0211/luckyharness/api/grpc/luckyharness.pb.go:1131.14,1133.3 1 0
github.com/yurika0211/luckyharness/api/grpc/luckyharness.pb.go:1134.2,1134.11 1 0
github.com/yurika0211/luckyharness/api/grpc/luckyharness.pb.go:1137.35,1138.14 1 0
github.com/yurika0211/luckyharness/api/grpc/luckyharness.pb.go:1138.14,1140.3 1 0
github.com/yurika0211/luckyharness/api/grpc/luckyharness.pb.go:1141.2,1141.11 1 0
github.com/yurika0211/luckyharness/api/grpc/luckyharness.pb.go:1144.46,1145.14 1 0
github.com/yurika0211/luckyharness/api/grpc/luckyharness.pb.go:1145.14,1147.3 1 0
github.com/yurika0211/luckyharness/api/grpc/luckyharness.pb.go:1148.2,1148.12 1 0
github.com/yurika0211/luckyharness/api/grpc/luckyharness.pb.go:1151.40,1152.14 1 0
github.com/yurika0211/luckyharness/api/grpc/luckyharness.pb.go:1152.14,1154.3 1 0
github.com/yurika0211/luckyharness/api/grpc/luckyharness.pb.go:1155.2,1155.12 1 0
github.com/yurika0211/luckyharness/api/grpc/luckyharness.pb.go:1158.37,1159.14 1 0
github.com/yurika0211/luckyharness/api/grpc/luckyharness.pb.go:1159.14,1161.3 1 0
github.com/yurika0211/luckyharness/api/grpc/luckyharness.pb.go:1162.2,1162.10 1 0
github.com/yurika0211/luckyharness/api/grpc/luckyharness.pb.go:1165.38,1166.14 1 0
github.com/yurika0211/luckyharness/api/grpc/luckyharness.pb.go:1166.14,1168.3 1 0
github.com/yurika0211/luckyharness/api/grpc/luckyharness.pb.go:1169.2,1169.10 1 0
github.com/yurika0211/luckyharness/api/grpc/luckyharness.pb.go:1172.40,1173.14 1 0
github.com/yurika0211/luckyharness/api/grpc/luckyharness.pb.go:1173.14,1175.3 1 0
github.com/yurika0211/luckyharness/api/grpc/luckyharness.pb.go:1176.2,1176.10 1 0
github.com/yurika0211/luckyharness/api/grpc/luckyharness.pb.go:1192.28,1197.2 4 0
github.com/yurika0211/luckyharness/api/grpc/luckyharness.pb.go:1199.36,1201.2 1 0
github.com/yurika0211/luckyharness/api/grpc/luckyharness.pb.go:1203.34,1203.35 0 0
github.com/yurika0211/luckyharness/api/grpc/luckyharness.pb.go:1205.56,1207.14 2 0
github.com/yurika0211/luckyharness/api/grpc/luckyharness.pb.go:1207.14,1209.34 2 0
github.com/yurika0211/luckyharness/api/grpc/luckyharness.pb.go:1209.34,1211.4 1 0
github.com/yurika0211/luckyharness/api/grpc/luckyharness.pb.go:1212.3,1212.12 1 0
github.com/yurika0211/luckyharness/api/grpc/luckyharness.pb.go:1214.2,1214.24 1 0
github.com/yurika0211/luckyharness/api/grpc/luckyharness.pb.go:1218.47,1220.2 1 0
github.com/yurika0211/luckyharness/api/grpc/luckyharness.pb.go:1222.35,1223.14 1 0
github.com/yurika0211/luckyharness/api/grpc/luckyharness.pb.go:1223.14,1225.3 1 0
github.com/yurika0211/luckyharness/api/grpc/luckyharness.pb.go:1226.2,1226.11 1 0
github.com/yurika0211/luckyharness/api/grpc/luckyharness.pb.go:1229.37,1230.14 1 0
github.com/yurika0211/luckyharness/api/grpc/luckyharness.pb.go:1230.14,1232.3 1 0
github.com/yurika0211/luckyharness/api/grpc/luckyharness.pb.go:1233.2,1233.11 1 0
github.com/yurika0211/luckyharness/api/grpc/luckyharness.pb.go:1236.44,1237.14 1 0
github.com/yurika0211/luckyharness/api/grpc/luckyharness.pb.go:1237.14,1239.3 1 0
github.com/yurika0211/luckyharness/api/grpc/luckyharness.pb.go:1240.2,1240.11 1 0
github.com/yurika0211/luckyharness/api/grpc/luckyharness.pb.go:1243.39,1244.14 1 0
github.com/yurika0211/luckyharness/api/grpc/luckyharness.pb.go:1244.14,1246.3 1 0
github.com/yurika0211/luckyharness/api/grpc/luckyharness.pb.go:1247.2,1247.12 1 0
github.com/yurika0211/luckyharness/api/grpc/luckyharness.pb.go:1250.40,1251.14 1 0
github.com/yurika0211/luckyharness/api/grpc/luckyharness.pb.go:1251.14,1253.3 1 0
github.com/yurika0211/luckyharness/api/grpc/luckyharness.pb.go:1254.2,1254.11 1 0
github.com/yurika0211/luckyharness/api/grpc/luckyharness.pb.go:1257.58,1258.14 1 0
github.com/yurika0211/luckyharness/api/grpc/luckyharness.pb.go:1258.14,1260.3 1 0
github.com/yurika0211/luckyharness/api/grpc/luckyharness.pb.go:1261.2,1261.12 1 0
github.com/yurika0211/luckyharness/api/grpc/luckyharness.pb.go:1264.58,1265.14 1 0
github.com/yurika0211/luckyharness/api/grpc/luckyharness.pb.go:1265.14,1267.3 1 0
github.com/yurika0211/luckyharness/api/grpc/luckyharness.pb.go:1268.2,1268.12 1 0
github.com/yurika0211/luckyharness/api/grpc/luckyharness.pb.go:1278.38,1283.2 4 0
github.com/yurika0211/luckyharness/api/grpc/luckyharness.pb.go:1285.46,1287.2 1 0
github.com/yurika0211/luckyharness/api/grpc/luckyharness.pb.go:1289.44,1289.45 0 0
github.com/yurika0211/luckyharness/api/grpc/luckyharness.pb.go:1291.66,1293.14 2 0
github.com/yurika0211/luckyharness/api/grpc/luckyharness.pb.go:1293.14,1295.34 2 0
github.com/yurika0211/luckyharness/api/grpc/luckyharness.pb.go:1295.34,1297.4 1 0
github.com/yurika0211/luckyharness/api/grpc/luckyharness.pb.go:1298.3,1298.12 1 0
github.com/yurika0211/luckyharness/api/grpc/luckyharness.pb.go:1300.2,1300.24 1 0
github.com/yurika0211/luckyharness/api/grpc/luckyharness.pb.go:1304.57,1306.2 1 0
github.com/yurika0211/luckyharness/api/grpc/luckyharness.pb.go:1308.45,1309.14 1 0
github.com/yurika0211/luckyharness/api/grpc/luckyharness.pb.go:1309.14,1311.3 1 0
github.com/yurika0211/luckyharness/api/grpc/luckyharness.pb.go:1312.2,1312.11 1 0
github.com/yurika0211/luckyharness/api/grpc/luckyharness.pb.go:1323.40,1328.2 4 0
github.com/yurika0211/luckyharness/api/grpc/luckyharness.pb.go:1330.48,1332.2 1 0
github.com/yurika0211/luckyharness/api/grpc/luckyharness.pb.go:1334.46,1334.47 0 0
github.com/yurika0211/luckyharness/api/grpc/luckyharness.pb.go:1336.68,1338.14 2 0
github.com/yurika0211/luckyharness/api/grpc/luckyharness.pb.go:1338.14,1340.34 2 0
github.com/yurika0211/luckyharness/api/grpc/luckyharness.pb.go:1340.34,1342.4 1 0
github.com/yurika0211/luckyharness/api/grpc/luckyharness.pb.go:1343.3,1343.12 1 0
github.com/yurika0211/luckyharness/api/grpc/luckyharness.pb.go:1345.2,1345.24 1 0
github.com/yurika0211/luckyharness/api/grpc/luckyharness.pb.go:1349.59,1351.2 1 0
github.com/yurika0211/luckyharness/api/grpc/luckyharness.pb.go:1353.59,1354.14 1 0
github.com/yurika0211/luckyharness/api/grpc/luckyharness.pb.go:1354.14,1356.3 1 0
github.com/yurika0211/luckyharness/api/grpc/luckyharness.pb.go:1357.2,1357.12 1 0
github.com/yurika0211/luckyharness/api/grpc/luckyharness.pb.go:1360.49,1361.14 1 0
github.com/yurika0211/luckyharness/api/grpc/luckyharness.pb.go:1361.14,1363.3 1 0
github.com/yurika0211/luckyharness/api/grpc/luckyharness.pb.go:1364.2,1364.10 1 0
github.com/yurika0211/luckyharness/api/grpc/luckyharness.pb.go:1374.41,1379.2 4 0
github.com/yurika0211/luckyharness/api/grpc/luckyharness.pb.go:1381.49,1383.2 1 0
github.com/yurika0211/luckyharness/api/grpc/luckyharness.pb.go:1385.47,1385.48 0 0
github.com/yurika0211/luckyharness/api/grpc/luckyharness.pb.go:1387.69,1389.14 2 0
github.com/yurika0211/luckyharness/api/grpc/luckyharness.pb.go:1389.14,1391.34 2 0
github.com/yurika0211/luckyharness/api/grpc/luckyharness.pb.go:1391.34,1393.4 1 0
github.com/yurika0211/luckyharness/api/grpc/luckyharness.pb.go:1394.3,1394.12 1 0
github.com/yurika0211/luckyharness/api/grpc/luckyharness.pb.go:1396.2,1396.24 1 0
github.com/yurika0211/luckyharness/api/grpc/luckyharness.pb.go:1400.60,1402.2 1 0
github.com/yurika0211/luckyharness/api/grpc/luckyharness.pb.go:1404.48,1405.14 1 0
github.com/yurika0211/luckyharness/api/grpc/luckyharness.pb.go:1405.14,1407.3 1 0
github.com/yurika0211/luckyharness/api/grpc/luckyharness.pb.go:1408.2,1408.11 1 0
github.com/yurika0211/luckyharness/api/grpc/luckyharness.pb.go:1418.40,1423.2 4 0
github.com/yurika0211/luckyharness/api/grpc/luckyharness.pb.go:1425.48,1427.2 1 0
github.com/yurika0211/luckyharness/api/grpc/luckyharness.pb.go:1429.46,1429.47 0 0
github.com/yurika0211/luckyharness/api/grpc/luckyharness.pb.go:1431.68,1433.14 2 0
github.com/yurika0211/luckyharness/api/grpc/luckyharness.pb.go:1433.14,1435.34 2 0
github.com/yurika0211/luckyharness/api/grpc/luckyharness.pb.go:1435.34,1437.4 1 0
github.com/yurika0211/luckyharness/api/grpc/luckyharness.pb.go:1438.3,1438.12 1 0
github.com/yurika0211/luckyharness/api/grpc/luckyharness.pb.go:1440.2,1440.24 1 0
github.com/yurika0211/luckyharness/api/grpc/luckyharness.pb.go:1444.59,1446.2 1 0
github.com/yurika0211/luckyharness/api/grpc/luckyharness.pb.go:1448.55,1449.14 1 0
github.com/yurika0211/luckyharness/api/grpc/luckyharness.pb.go:1449.14,1451.3 1 0
github.com/yurika0211/luckyharness/api/grpc/luckyharness.pb.go:1452.2,1452.11 1 0
github.com/yurika0211/luckyharness/api/grpc/luckyharness.pb.go:1467.36,1472.2 4 0
github.com/yurika0211/luckyharness/api/grpc/luckyharness.pb.go:1474.44,1476.2 1 0
github.com/yurika0211/luckyharness/api/grpc/luckyharness.pb.go:1478.42,1478.43 0 0
github.com/yurika0211/luckyharness/api/grpc/luckyharness.pb.go:1480.64,1482.14 2 0
github.com/yurika0211/luckyharness/api/grpc/luckyharness.pb.go:1482.14,1484.34 2 0
github.com/yurika0211/luckyharness/api/grpc/luckyharness.pb.go:1484.34,1486.4 1 0
github.com/yurika0211/luckyharness/api/grpc/luckyharness.pb.go:1487.3,1487.12 1 0
github.com/yurika0211/luckyharness/api/grpc/luckyharness.pb.go:1489.2,1489.24 1 0
github.com/yurika0211/luckyharness/api/grpc/luckyharness.pb.go:1493.55,1495.2 1 0
github.com/yurika0211/luckyharness/api/grpc/luckyharness.pb.go:1497.43,1498.14 1 0
github.com/yurika0211/luckyharness/api/grpc/luckyharness.pb.go:1498.14,1500.3 1 0
github.com/yurika0211/luckyharness/api/grpc/luckyharness.pb.go:1501.2,1501.11 1 0
github.com/yurika0211/luckyharness/api/grpc/luckyharness.pb.go:1504.51,1505.14 1 0
github.com/yurika0211/luckyharness/api/grpc/luckyharness.pb.go:1505.14,1507.3 1 0
github.com/yurika0211/luckyharness/api/grpc/luckyharness.pb.go:1508.2,1508.11 1 0
github.com/yurika0211/luckyharness/api/grpc/luckyharness.pb.go:1511.47,1512.14 1 0
github.com/yurika0211/luckyharness/api/grpc/luckyharness.pb.go:1512.14,1514.3 1 0
github.com/yurika0211/luckyharness/api/grpc/luckyharness.pb.go:1515.2,1515.11 1 0
github.com/yurika0211/luckyharness/api/grpc/luckyharness.pb.go:1518.64,1519.14 1 0
github.com/yurika0211/luckyharness/api/grpc/luckyharness.pb.go:1519.14,1521.3 1 0
github.com/yurika0211/luckyharness/api/grpc/luckyharness.pb.go:1522.2,1522.12 1 0
github.com/yurika0211/luckyharness/api/grpc/luckyharness.pb.go:1525.66,1526.14 1 0
github.com/yurika0211/luckyharness/api/grpc/luckyharness.pb.go:1526.14,1528.3 1 0
github.com/yurika0211/luckyharness/api/grpc/luckyharness.pb.go:1529.2,1529.12 1 0
github.com/yurika0211/luckyharness/api/grpc/luckyharness.pb.go:1532.64,1533.14 1 0
github.com/yurika0211/luckyharness/api/grpc/luckyharness.pb.go:1533.14,1535.3 1 0
github.com/yurika0211/luckyharness/api/grpc/luckyharness.pb.go:1536.2,1536.12 1 0
github.com/yurika0211/luckyharness/api/grpc/luckyharness.pb.go:1552.30,1557.2 4 0
github.com/yurika0211/luckyharness/api/grpc/luckyharness.pb.go:1559.38,1561.2 1 0
github.com/yurika0211/luckyharness/api/grpc/luckyharness.pb.go:1563.36,1563.37 0 0
github.com/yurika0211/luckyharness/api/grpc/luckyharness.pb.go:1565.58,1567.14 2 0
github.com/yurika0211/luckyharness/api/grpc/luckyharness.pb.go:1567.14,1569.34 2 0
github.com/yurika0211/luckyharness/api/grpc/luckyharness.pb.go:1569.34,1571.4 1 0
github.com/yurika0211/luckyharness/api/grpc/luckyharness.pb.go:1572.3,1572.12 1 0
github.com/yurika0211/luckyharness/api/grpc/luckyharness.pb.go:1574.2,1574.24 1 0
github.com/yurika0211/luckyharness/api/grpc/luckyharness.pb.go:1578.49,1580.2 1 0
github.com/yurika0211/luckyharness/api/grpc/luckyharness.pb.go:1582.41,1583.14 1 0
github.com/yurika0211/luckyharness/api/grpc/luckyharness.pb.go:1583.14,1585.3 1 0
github.com/yurika0211/luckyharness/api/grpc/luckyharness.pb.go:1586.2,1586.11 1 0
github.com/yurika0211/luckyharness/api/grpc/luckyharness.pb.go:1589.41,1590.14 1 0
github.com/yurika0211/luckyharness/api/grpc/luckyharness.pb.go:1590.14,1592.3 1 0
github.com/yurika0211/luckyharness/api/grpc/luckyharness.pb.go:1593.2,1593.11 1 0
github.com/yurika0211/luckyharness/api/grpc/luckyharness.pb.go:1596.41,1597.14 1 0
github.com/yurika0211/luckyharness/api/grpc/luckyharness.pb.go:1597.14,1599.3 1 0
github.com/yurika0211/luckyharness/api/grpc/luckyharness.pb.go:1600.2,1600.11 1 0
github.com/yurika0211/luckyharness/api/grpc/luckyharness.pb.go:1603.40,1604.14 1 0
github.com/yurika0211/luckyharness/api/grpc/luckyharness.pb.go:1604.14,1606.3 1 0
github.com/yurika0211/luckyharness/api/grpc/luckyharness.pb.go:1607.2,1607.11 1 0
github.com/yurika0211/luckyharness/api/grpc/luckyharness.pb.go:1610.60,1611.14 1 0
github.com/yurika0211/luckyharness/api/grpc/luckyharness.pb.go:1611.14,1613.3 1 0
github.com/yurika0211/luckyharness/api/grpc/luckyharness.pb.go:1614.2,1614.12 1 0
github.com/yurika0211/luckyharness/api/grpc/luckyharness.pb.go:1617.58,1618.14 1 0
github.com/yurika0211/luckyharness/api/grpc/luckyharness.pb.go:1618.14,1620.3 1 0
github.com/yurika0211/luckyharness/api/grpc/luckyharness.pb.go:1621.2,1621.12 1 0
github.com/yurika0211/luckyharness/api/grpc/luckyharness.pb.go:1624.44,1625.14 1 0
github.com/yurika0211/luckyharness/api/grpc/luckyharness.pb.go:1625.14,1627.3 1 0
github.com/yurika0211/luckyharness/api/grpc/luckyharness.pb.go:1628.2,1628.10 1 0
github.com/yurika0211/luckyharness/api/grpc/luckyharness.pb.go:1638.46,1643.2 4 0
github.com/yurika0211/luckyharness/api/grpc/luckyharness.pb.go:1645.54,1647.2 1 0
github.com/yurika0211/luckyharness/api/grpc/luckyharness.pb.go:1649.52,1649.53 0 0
github.com/yurika0211/luckyharness/api/grpc/luckyharness.pb.go:1651.74,1653.14 2 0
github.com/yurika0211/luckyharness/api/grpc/luckyharness.pb.go:1653.14,1655.34 2 0
github.com/yurika0211/luckyharness/api/grpc/luckyharness.pb.go:1655.34,1657.4 1 0
github.com/yurika0211/luckyharness/api/grpc/luckyharness.pb.go:1658.3,1658.12 1 0
github.com/yurika0211/luckyharness/api/grpc/luckyharness.pb.go:1660.2,1660.24 1 0
github.com/yurika0211/luckyharness/api/grpc/luckyharness.pb.go:1664.65,1666.2 1 0
github.com/yurika0211/luckyharness/api/grpc/luckyharness.pb.go:1668.53,1669.14 1 0
github.com/yurika0211/luckyharness/api/grpc/luckyharness.pb.go:1669.14,1671.3 1 0
github.com/yurika0211/luckyharness/api/grpc/luckyharness.pb.go:1672.2,1672.11 1 0
github.com/yurika0211/luckyharness/api/grpc/luckyharness.pb.go:1686.39,1691.2 4 0
github.com/yurika0211/luckyharness/api/grpc/luckyharness.pb.go:1693.47,1695.2 1 0
github.com/yurika0211/luckyharness/api/grpc/luckyharness.pb.go:1697.45,1697.46 0 0
github.com/yurika0211/luckyharness/api/grpc/luckyharness.pb.go:1699.67,1701.14 2 0
github.com/yurika0211/luckyharness/api/grpc/luckyharness.pb.go:1701.14,1703.34 2 0
github.com/yurika0211/luckyharness/api/grpc/luckyharness.pb.go:1703.34,1705.4 1 0
github.com/yurika0211/luckyharness/api/grpc/luckyharness.pb.go:1706.3,1706.12 1 0
github.com/yurika0211/luckyharness/api/grpc/luckyharness.pb.go:1708.2,1708.24 1 0
github.com/yurika0211/luckyharness/api/grpc/luckyharness.pb.go:1712.58,1714.2 1 0
github.com/yurika0211/luckyharness/api/grpc/luckyharness.pb.go:1716.50,1717.14 1 0
github.com/yurika0211/luckyharness/api/grpc/luckyharness.pb.go:1717.14,1719.3 1 0
github.com/yurika0211/luckyharness/api/grpc/luckyharness.pb.go:1720.2,1720.11 1 0
github.com/yurika0211/luckyharness/api/grpc/luckyharness.pb.go:1723.51,1724.14 1 0
github.com/yurika0211/luckyharness/api/grpc/luckyharness.pb.go:1724.14,1726.3 1 0
github.com/yurika0211/luckyharness/api/grpc/luckyharness.pb.go:1727.2,1727.11 1 0
github.com/yurika0211/luckyharness/api/grpc/luckyharness.pb.go:1730.66,1731.14 1 0
github.com/yurika0211/luckyharness/api/grpc/luckyharness.pb.go:1731.14,1733.3 1 0
github.com/yurika0211/luckyharness/api/grpc/luckyharness.pb.go:1734.2,1734.12 1 0
github.com/yurika0211/luckyharness/api/grpc/luckyharness.pb.go:1737.75,1738.14 1 0
github.com/yurika0211/luckyharness/api/grpc/luckyharness.pb.go:1738.14,1740.3 1 0
github.com/yurika0211/luckyharness/api/grpc/luckyharness.pb.go:1741.2,1741.12 1 0
github.com/yurika0211/luckyharness/api/grpc/luckyharness.pb.go:1752.35,1757.2 4 0
github.com/yurika0211/luckyharness/api/grpc/luckyharness.pb.go:1759.43,1761.2 1 0
github.com/yurika0211/luckyharness/api/grpc/luckyharness.pb.go:1763.41,1763.42 0 0
github.com/yurika0211/luckyharness/api/grpc/luckyharness.pb.go:1765.63,1767.14 2 0
github.com/yurika0211/luckyharness/api/grpc/luckyharness.pb.go:1767.14,1769.34 2 0
github.com/yurika0211/luckyharness/api/grpc/luckyharness.pb.go:1769.34,1771.4 1 0
github.com/yurika0211/luckyharness/api/grpc/luckyharness.pb.go:1772.3,1772.12 1 0
github.com/yurika0211/luckyharness/api/grpc/luckyharness.pb.go:1774.2,1774.24 1 0
github.com/yurika0211/luckyharness/api/grpc/luckyharness.pb.go:1778.54,1780.2 1 0
github.com/yurika0211/luckyharness/api/grpc/luckyharness.pb.go:1782.46,1783.14 1 0
github.com/yurika0211/luckyharness/api/grpc/luckyharness.pb.go:1783.14,1785.3 1 0
github.com/yurika0211/luckyharness/api/grpc/luckyharness.pb.go:1786.2,1786.11 1 0
github.com/yurika0211/luckyharness/api/grpc/luckyharness.pb.go:1789.47,1790.14 1 0
github.com/yurika0211/luckyharness/api/grpc/luckyharness.pb.go:1790.14,1792.3 1 0
github.com/yurika0211/luckyharness/api/grpc/luckyharness.pb.go:1793.2,1793.11 1 0
github.com/yurika0211/luckyharness/api/grpc/luckyharness.pb.go:1995.51,1996.48 1 0
github.com/yurika0211/luckyharness/api/grpc/luckyharness.pb.go:1996.48,1998.3 1 0
github.com/yurika0211/luckyharness/api/grpc/luckyharness.pb.go:1999.2,1999.44 1 0
github.com/yurika0211/luckyharness/api/grpc/luckyharness.pb.go:2102.13,2102.47 1 1
github.com/yurika0211/luckyharness/api/grpc/luckyharness.pb.go:2103.37,2104.36 1 1
github.com/yurika0211/luckyharness/api/grpc/luckyharness.pb.go:2104.36,2106.3 1 0
github.com/yurika0211/luckyharness/api/grpc/luckyharness.pb.go:2107.2,2123.39 5 1
github.com/yurika0211/luckyharness/api/grpc/luckyharness.pb.gw.go:39.221,44.100 2 0
github.com/yurika0211/luckyharness/api/grpc/luckyharness.pb.gw.go:44.100,46.3 1 0
github.com/yurika0211/luckyharness/api/grpc/luckyharness.pb.gw.go:47.2,47.21 1 0
github.com/yurika0211/luckyharness/api/grpc/luckyharness.pb.gw.go:47.21,49.3 1 0
github.com/yurika0211/luckyharness/api/grpc/luckyharness.pb.gw.go:50.2,51.27 2 0
github.com/yurika0211/luckyharness/api/grpc/luckyharness.pb.gw.go:54.227,59.100 2 0
github.com/yurika0211/luckyharness/api/grpc/luckyharness.pb.gw.go:59.100,61.3 1 0
github.com/yurika0211/luckyharness/api/grpc/luckyharness.pb.gw.go:62.2,63.27 2 0
github.com/yurika0211/luckyharness/api/grpc/luckyharness.pb.gw.go:66.250,71.100 2 0
github.com/yurika0211/luckyharness/api/grpc/luckyharness.pb.gw.go:71.100,73.3 1 0
github.com/yurika0211/luckyharness/api/grpc/luckyharness.pb.gw.go:74.2,74.21 1 0
github.com/yurika0211/luckyharness/api/grpc/luckyharness.pb.gw.go:74.21,76.3 1 0
github.com/yurika0211/luckyharness/api/grpc/luckyharness.pb.gw.go:77.2,78.16 2 0
github.com/yurika0211/luckyharness/api/grpc/luckyharness.pb.gw.go:78.16,80.3 1 0
github.com/yurika0211/luckyharness/api/grpc/luckyharness.pb.gw.go:81.2,82.16 2 0
github.com/yurika0211/luckyharness/api/grpc/luckyharness.pb.gw.go:82.16,84.3 1 0
github.com/yurika0211/luckyharness/api/grpc/luckyharness.pb.gw.go:85.2,86.30 2 0
github.com/yurika0211/luckyharness/api/grpc/luckyharness.pb.gw.go:89.228,94.100 2 0
github.com/yurika0211/luckyharness/api/grpc/luckyharness.pb.gw.go:94.100,96.3 1 0
github.com/yurika0211/luckyharness/api/grpc/luckyharness.pb.gw.go:97.2,97.21 1 0
github.com/yurika0211/luckyharness/api/grpc/luckyharness.pb.gw.go:97.21,99.3 1 0
github.com/yurika0211/luckyharness/api/grpc/luckyharness.pb.gw.go:100.2,101.27 2 0
github.com/yurika0211/luckyharness/api/grpc/luckyharness.pb.gw.go:104.234,109.100 2 0
github.com/yurika0211/luckyharness/api/grpc/luckyharness.pb.gw.go:109.100,111.3 1 0
github.com/yurika0211/luckyharness/api/grpc/luckyharness.pb.gw.go:112.2,113.27 2 0
github.com/yurika0211/luckyharness/api/grpc/luckyharness.pb.gw.go:116.229,121.100 2 0
github.com/yurika0211/luckyharness/api/grpc/luckyharness.pb.gw.go:121.100,123.3 1 0
github.com/yurika0211/luckyharness/api/grpc/luckyharness.pb.gw.go:124.2,124.21 1 0
github.com/yurika0211/luckyharness/api/grpc/luckyharness.pb.gw.go:124.21,126.3 1 0
github.com/yurika0211/luckyharness/api/grpc/luckyharness.pb.gw.go:127.2,128.27 2 0
github.com/yurika0211/luckyharness/api/grpc/luckyharness.pb.gw.go:131.235,136.100 2 0
github.com/yurika0211/luckyharness/api/grpc/luckyharness.pb.gw.go:136.100,138.3 1 0
github.com/yurika0211/luckyharness/api/grpc/luckyharness.pb.gw.go:139.2,140.27 2 0
github.com/yurika0211/luckyharness/api/grpc/luckyharness.pb.gw.go:143.227,148.21 2 0
github.com/yurika0211/luckyharness/api/grpc/luckyharness.pb.gw.go:148.21,150.3 1 0
github.com/yurika0211/luckyharness/api/grpc/luckyharness.pb.gw.go:151.2,152.27 2 0
github.com/yurika0211/luckyharness/api/grpc/luckyharness.pb.gw.go:155.233,162.2 3 0
github.com/yurika0211/luckyharness/api/grpc/luckyharness.pb.gw.go:164.229,170.21 2 0
github.com/yurika0211/luckyharness/api/grpc/luckyharness.pb.gw.go:170.21,172.3 1 0
github.com/yurika0211/luckyharness/api/grpc/luckyharness.pb.gw.go:173.2,174.9 2 0
github.com/yurika0211/luckyharness/api/grpc/luckyharness.pb.gw.go:174.9,176.3 1 0
github.com/yurika0211/luckyharness/api/grpc/luckyharness.pb.gw.go:177.2,178.16 2 0
github.com/yurika0211/luckyharness/api/grpc/luckyharness.pb.gw.go:178.16,180.3 1 0
github.com/yurika0211/luckyharness/api/grpc/luckyharness.pb.gw.go:181.2,182.27 2 0
github.com/yurika0211/luckyharness/api/grpc/luckyharness.pb.gw.go:185.235,192.9 3 0
github.com/yurika0211/luckyharness/api/grpc/luckyharness.pb.gw.go:192.9,194.3 1 0
github.com/yurika0211/luckyharness/api/grpc/luckyharness.pb.gw.go:195.2,196.16 2 0
github.com/yurika0211/luckyharness/api/grpc/luckyharness.pb.gw.go:196.16,198.3 1 0
github.com/yurika0211/luckyharness/api/grpc/luckyharness.pb.gw.go:199.2,200.27 2 0
github.com/yurika0211/luckyharness/api/grpc/luckyharness.pb.gw.go:203.225,208.100 2 0
github.com/yurika0211/luckyharness/api/grpc/luckyharness.pb.gw.go:208.100,210.3 1 0
github.com/yurika0211/luckyharness/api/grpc/luckyharness.pb.gw.go:211.2,211.21 1 0
github.com/yurika0211/luckyharness/api/grpc/luckyharness.pb.gw.go:211.21,213.3 1 0
github.com/yurika0211/luckyharness/api/grpc/luckyharness.pb.gw.go:214.2,215.27 2 0
github.com/yurika0211/luckyharness/api/grpc/luckyharness.pb.gw.go:218.231,223.100 2 0
github.com/yurika0211/luckyharness/api/grpc/luckyharness.pb.gw.go:223.100,225.3 1 0
github.com/yurika0211/luckyharness/api/grpc/luckyharness.pb.gw.go:226.2,227.27 2 0
github.com/yurika0211/luckyharness/api/grpc/luckyharness.pb.gw.go:230.226,235.100 2 0
github.com/yurika0211/luckyharness/api/grpc/luckyharness.pb.gw.go:235.100,237.3 1 0
github.com/yurika0211/luckyharness/api/grpc/luckyharness.pb.gw.go:238.2,238.21 1 0
github.com/yurika0211/luckyharness/api/grpc/luckyharness.pb.gw.go:238.21,240.3 1 0
github.com/yurika0211/luckyharness/api/grpc/luckyharness.pb.gw.go:241.2,242.27 2 0
github.com/yurika0211/luckyharness/api/grpc/luckyharness.pb.gw.go:245.232,250.100 2 0
github.com/yurika0211/luckyharness/api/grpc/luckyharness.pb.gw.go:250.100,252.3 1 0
github.com/yurika0211/luckyharness/api/grpc/luckyharness.pb.gw.go:253.2,254.27 2 0
github.com/yurika0211/luckyharness/api/grpc/luckyharness.pb.gw.go:257.231,262.100 2 0
github.com/yurika0211/luckyharness/api/grpc/luckyharness.pb.gw.go:262.100,264.3 1 0
github.com/yurika0211/luckyharness/api/grpc/luckyharness.pb.gw.go:265.2,265.21 1 0
github.com/yurika0211/luckyharness/api/grpc/luckyharness.pb.gw.go:265.21,267.3 1 0
github.com/yurika0211/luckyharness/api/grpc/luckyharness.pb.gw.go:268.2,269.27 2 0
github.com/yurika0211/luckyharness/api/grpc/luckyharness.pb.gw.go:272.237,277.100 2 0
github.com/yurika0211/luckyharness/api/grpc/luckyharness.pb.gw.go:277.100,279.3 1 0
github.com/yurika0211/luckyharness/api/grpc/luckyharness.pb.gw.go:280.2,281.27 2 0
github.com/yurika0211/luckyharness/api/grpc/luckyharness.pb.gw.go:284.228,290.21 2 0
github.com/yurika0211/luckyharness/api/grpc/luckyharness.pb.gw.go:290.21,292.3 1 0
github.com/yurika0211/luckyharness/api/grpc/luckyharness.pb.gw.go:293.2,294.9 2 0
github.com/yurika0211/luckyharness/api/grpc/luckyharness.pb.gw.go:294.9,296.3 1 0
github.com/yurika0211/luckyharness/api/grpc/luckyharness.pb.gw.go:297.2,298.16 2 0
github.com/yurika0211/luckyharness/api/grpc/luckyharness.pb.gw.go:298.16,300.3 1 0
github.com/yurika0211/luckyharness/api/grpc/luckyharness.pb.gw.go:301.2,302.27 2 0
github.com/yurika0211/luckyharness/api/grpc/luckyharness.pb.gw.go:305.234,312.9 3 0
github.com/yurika0211/luckyharness/api/grpc/luckyharness.pb.gw.go:312.9,314.3 1 0
github.com/yurika0211/luckyharness/api/grpc/luckyharness.pb.gw.go:315.2,316.16 2 0
github.com/yurika0211/luckyharness/api/grpc/luckyharness.pb.gw.go:316.16,318.3 1 0
github.com/yurika0211/luckyharness/api/grpc/luckyharness.pb.gw.go:319.2,320.27 2 0
github.com/yurika0211/luckyharness/api/grpc/luckyharness.pb.gw.go:323.229,328.21 2 0
github.com/yurika0211/luckyharness/api/grpc/luckyharness.pb.gw.go:328.21,330.3 1 0
github.com/yurika0211/luckyharness/api/grpc/luckyharness.pb.gw.go:331.2,332.27 2 0
github.com/yurika0211/luckyharness/api/grpc/luckyharness.pb.gw.go:335.235,342.2 3 0
github.com/yurika0211/luckyharness/api/grpc/luckyharness.pb.gw.go:344.231,350.21 2 0
github.com/yurika0211/luckyharness/api/grpc/luckyharness.pb.gw.go:350.21,352.3 1 0
github.com/yurika0211/luckyharness/api/grpc/luckyharness.pb.gw.go:353.2,354.9 2 0
github.com/yurika0211/luckyharness/api/grpc/luckyharness.pb.gw.go:354.9,356.3 1 0
github.com/yurika0211/luckyharness/api/grpc/luckyharness.pb.gw.go:357.2,358.16 2 0
github.com/yurika0211/luckyharness/api/grpc/luckyharness.pb.gw.go:358.16,360.3 1 0
github.com/yurika0211/luckyharness/api/grpc/luckyharness.pb.gw.go:361.2,362.27 2 0
github.com/yurika0211/luckyharness/api/grpc/luckyharness.pb.gw.go:365.237,372.9 3 0
github.com/yurika0211/luckyharness/api/grpc/luckyharness.pb.gw.go:372.9,374.3 1 0
github.com/yurika0211/luckyharness/api/grpc/luckyharness.pb.gw.go:375.2,376.16 2 0
github.com/yurika0211/luckyharness/api/grpc/luckyharness.pb.gw.go:376.16,378.3 1 0
github.com/yurika0211/luckyharness/api/grpc/luckyharness.pb.gw.go:379.2,380.27 2 0
github.com/yurika0211/luckyharness/api/grpc/luckyharness.pb.gw.go:383.230,388.100 2 0
github.com/yurika0211/luckyharness/api/grpc/luckyharness.pb.gw.go:388.100,390.3 1 0
github.com/yurika0211/luckyharness/api/grpc/luckyharness.pb.gw.go:391.2,391.21 1 0
github.com/yurika0211/luckyharness/api/grpc/luckyharness.pb.gw.go:391.21,393.3 1 0
github.com/yurika0211/luckyharness/api/grpc/luckyharness.pb.gw.go:394.2,395.27 2 0
github.com/yurika0211/luckyharness/api/grpc/luckyharness.pb.gw.go:398.236,403.100 2 0
github.com/yurika0211/luckyharness/api/grpc/luckyharness.pb.gw.go:403.100,405.3 1 0
github.com/yurika0211/luckyharness/api/grpc/luckyharness.pb.gw.go:406.2,407.27 2 0
github.com/yurika0211/luckyharness/api/grpc/luckyharness.pb.gw.go:410.236,416.21 2 0
github.com/yurika0211/luckyharness/api/grpc/luckyharness.pb.gw.go:416.21,418.3 1 0
github.com/yurika0211/luckyharness/api/grpc/luckyharness.pb.gw.go:419.2,420.9 2 0
github.com/yurika0211/luckyharness/api/grpc/luckyharness.pb.gw.go:420.9,422.3 1 0
github.com/yurika0211/luckyharness/api/grpc/luckyharness.pb.gw.go:423.2,424.16 2 0
github.com/yurika0211/luckyharness/api/grpc/luckyharness.pb.gw.go:424.16,426.3 1 0
github.com/yurika0211/luckyharness/api/grpc/luckyharness.pb.gw.go:427.2,428.27 2 0
github.com/yurika0211/luckyharness/api/grpc/luckyharness.pb.gw.go:431.242,438.9 3 0
github.com/yurika0211/luckyharness/api/grpc/luckyharness.pb.gw.go:438.9,440.3 1 0
github.com/yurika0211/luckyharness/api/grpc/luckyharness.pb.gw.go:441.2,442.16 2 0
github.com/yurika0211/luckyharness/api/grpc/luckyharness.pb.gw.go:442.16,444.3 1 0
github.com/yurika0211/luckyharness/api/grpc/luckyharness.pb.gw.go:445.2,446.27 2 0
github.com/yurika0211/luckyharness/api/grpc/luckyharness.pb.gw.go:449.228,454.21 2 0
github.com/yurika0211/luckyharness/api/grpc/luckyharness.pb.gw.go:454.21,456.3 1 0
github.com/yurika0211/luckyharness/api/grpc/luckyharness.pb.gw.go:457.2,458.27 2 0
github.com/yurika0211/luckyharness/api/grpc/luckyharness.pb.gw.go:461.234,468.2 3 0
github.com/yurika0211/luckyharness/api/grpc/luckyharness.pb.gw.go:475.131,476.143 1 0
github.com/yurika0211/luckyharness/api/grpc/luckyharness.pb.gw.go:476.143,483.17 7 0
github.com/yurika0211/luckyharness/api/grpc/luckyharness.pb.gw.go:483.17,486.4 2 0
github.com/yurika0211/luckyharness/api/grpc/luckyharness.pb.gw.go:487.3,490.17 4 0
github.com/yurika0211/luckyharness/api/grpc/luckyharness.pb.gw.go:490.17,493.4 2 0
github.com/yurika0211/luckyharness/api/grpc/luckyharness.pb.gw.go:494.3,494.129 1 0
github.com/yurika0211/luckyharness/api/grpc/luckyharness.pb.gw.go:497.2,497.149 1 0
github.com/yurika0211/luckyharness/api/grpc/luckyharness.pb.gw.go:497.149,502.3 4 0
github.com/yurika0211/luckyharness/api/grpc/luckyharness.pb.gw.go:503.2,503.150 1 0
github.com/yurika0211/luckyharness/api/grpc/luckyharness.pb.gw.go:503.150,510.17 7 0
github.com/yurika0211/luckyharness/api/grpc/luckyharness.pb.gw.go:510.17,513.4 2 0
github.com/yurika0211/luckyharness/api/grpc/luckyharness.pb.gw.go:514.3,517.17 4 0
github.com/yurika0211/luckyharness/api/grpc/luckyharness.pb.gw.go:517.17,520.4 2 0
github.com/yurika0211/luckyharness/api/grpc/luckyharness.pb.gw.go:521.3,521.136 1 0
github.com/yurika0211/luckyharness/api/grpc/luckyharness.pb.gw.go:523.2,523.151 1 0
github.com/yurika0211/luckyharness/api/grpc/luckyharness.pb.gw.go:523.151,530.17 7 0
github.com/yurika0211/luckyharness/api/grpc/luckyharness.pb.gw.go:530.17,533.4 2 0
github.com/yurika0211/luckyharness/api/grpc/luckyharness.pb.gw.go:534.3,537.17 4 0
github.com/yurika0211/luckyharness/api/grpc/luckyharness.pb.gw.go:537.17,540.4 2 0
github.com/yurika0211/luckyharness/api/grpc/luckyharness.pb.gw.go:541.3,541.137 1 0
github.com/yurika0211/luckyharness/api/grpc/luckyharness.pb.gw.go:543.2,543.148 1 0
github.com/yurika0211/luckyharness/api/grpc/luckyharness.pb.gw.go:543.148,550.17 7 0
github.com/yurika0211/luckyharness/api/grpc/luckyharness.pb.gw.go:550.17,553.4 2 0
github.com/yurika0211/luckyharness/api/grpc/luckyharness.pb.gw.go:554.3,557.17 4 0
github.com/yurika0211/luckyharness/api/grpc/luckyharness.pb.gw.go:557.17,560.4 2 0
github.com/yurika0211/luckyharness/api/grpc/luckyharness.pb.gw.go:561.3,561.135 1 0
github.com/yurika0211/luckyharness/api/grpc/luckyharness.pb.gw.go:563.2,563.153 1 0
github.com/yurika0211/luckyharness/api/grpc/luckyharness.pb.gw.go:563.153,570.17 7 0
github.com/yurika0211/luckyharness/api/grpc/luckyharness.pb.gw.go:570.17,573.4 2 0
github.com/yurika0211/luckyharness/api/grpc/luckyharness.pb.gw.go:574.3,577.17 4 0
github.com/yurika0211/luckyharness/api/grpc/luckyharness.pb.gw.go:577.17,580.4 2 0
github.com/yurika0211/luckyharness/api/grpc/luckyharness.pb.gw.go:581.3,581.137 1 0
github.com/yurika0211/luckyharness/api/grpc/luckyharness.pb.gw.go:583.2,583.147 1 0
github.com/yurika0211/luckyharness/api/grpc/luckyharness.pb.gw.go:583.147,590.17 7 0
github.com/yurika0211/luckyharness/api/grpc/luckyharness.pb.gw.go:590.17,593.4 2 0
github.com/yurika0211/luckyharness/api/grpc/luckyharness.pb.gw.go:594.3,597.17 4 0
github.com/yurika0211/luckyharness/api/grpc/luckyharness.pb.gw.go:597.17,600.4 2 0
github.com/yurika0211/luckyharness/api/grpc/luckyharness.pb.gw.go:601.3,601.133 1 0
github.com/yurika0211/luckyharness/api/grpc/luckyharness.pb.gw.go:603.2,603.148 1 0
github.com/yurika0211/luckyharness/api/grpc/luckyharness.pb.gw.go:603.148,610.17 7 0
github.com/yurika0211/luckyharness/api/grpc/luckyharness.pb.gw.go:610.17,613.4 2 0
github.com/yurika0211/luckyharness/api/grpc/luckyharness.pb.gw.go:614.3,617.17 4 0
github.com/yurika0211/luckyharness/api/grpc/luckyharness.pb.gw.go:617.17,620.4 2 0
github.com/yurika0211/luckyharness/api/grpc/luckyharness.pb.gw.go:621.3,621.134 1 0
github.com/yurika0211/luckyharness/api/grpc/luckyharness.pb.gw.go:623.2,623.153 1 0
github.com/yurika0211/luckyharness/api/grpc/luckyharness.pb.gw.go:623.153,630.17 7 0
github.com/yurika0211/luckyharness/api/grpc/luckyharness.pb.gw.go:630.17,633.4 2 0
github.com/yurika0211/luckyharness/api/grpc/luckyharness.pb.gw.go:634.3,637.17 4 0
github.com/yurika0211/luckyharness/api/grpc/luckyharness.pb.gw.go:637.17,640.4 2 0
github.com/yurika0211/luckyharness/api/grpc/luckyharness.pb.gw.go:641.3,641.139 1 0
github.com/yurika0211/luckyharness/api/grpc/luckyharness.pb.gw.go:643.2,643.149 1 0
github.com/yurika0211/luckyharness/api/grpc/luckyharness.pb.gw.go:643.149,650.17 7 0
github.com/yurika0211/luckyharness/api/grpc/luckyharness.pb.gw.go:650.17,653.4 2 0
github.com/yurika0211/luckyharness/api/grpc/luckyharness.pb.gw.go:654.3,657.17 4 0
github.com/yurika0211/luckyharness/api/grpc/luckyharness.pb.gw.go:657.17,660.4 2 0
github.com/yurika0211/luckyharness/api/grpc/luckyharness.pb.gw.go:661.3,661.136 1 0
github.com/yurika0211/luckyharness/api/grpc/luckyharness.pb.gw.go:663.2,663.150 1 0
github.com/yurika0211/luckyharness/api/grpc/luckyharness.pb.gw.go:663.150,670.17 7 0
github.com/yurika0211/luckyharness/api/grpc/luckyharness.pb.gw.go:670.17,673.4 2 0
github.com/yurika0211/luckyharness/api/grpc/luckyharness.pb.gw.go:674.3,677.17 4 0
github.com/yurika0211/luckyharness/api/grpc/luckyharness.pb.gw.go:677.17,680.4 2 0
github.com/yurika0211/luckyharness/api/grpc/luckyharness.pb.gw.go:681.3,681.137 1 0
github.com/yurika0211/luckyharness/api/grpc/luckyharness.pb.gw.go:683.2,683.155 1 0
github.com/yurika0211/luckyharness/api/grpc/luckyharness.pb.gw.go:683.155,690.17 7 0
github.com/yurika0211/luckyharness/api/grpc/luckyharness.pb.gw.go:690.17,693.4 2 0
github.com/yurika0211/luckyharness/api/grpc/luckyharness.pb.gw.go:694.3,697.17 4 0
github.com/yurika0211/luckyharness/api/grpc/luckyharness.pb.gw.go:697.17,700.4 2 0
github.com/yurika0211/luckyharness/api/grpc/luckyharness.pb.gw.go:701.3,701.139 1 0
github.com/yurika0211/luckyharness/api/grpc/luckyharness.pb.gw.go:703.2,703.152 1 0
github.com/yurika0211/luckyharness/api/grpc/luckyharness.pb.gw.go:703.152,710.17 7 0
github.com/yurika0211/luckyharness/api/grpc/luckyharness.pb.gw.go:710.17,713.4 2 0
github.com/yurika0211/luckyharness/api/grpc/luckyharness.pb.gw.go:714.3,717.17 4 0
github.com/yurika0211/luckyharness/api/grpc/luckyharness.pb.gw.go:717.17,720.4 2 0
github.com/yurika0211/luckyharness/api/grpc/luckyharness.pb.gw.go:721.3,721.138 1 0
github.com/yurika0211/luckyharness/api/grpc/luckyharness.pb.gw.go:723.2,723.157 1 0
github.com/yurika0211/luckyharness/api/grpc/luckyharness.pb.gw.go:723.157,730.17 7 0
github.com/yurika0211/luckyharness/api/grpc/luckyharness.pb.gw.go:730.17,733.4 2 0
github.com/yurika0211/luckyharness/api/grpc/luckyharness.pb.gw.go:734.3,737.17 4 0
github.com/yurika0211/luckyharness/api/grpc/luckyharness.pb.gw.go:737.17,740.4 2 0
github.com/yurika0211/luckyharness/api/grpc/luckyharness.pb.gw.go:741.3,741.144 1 0
github.com/yurika0211/luckyharness/api/grpc/luckyharness.pb.gw.go:743.2,743.149 1 0
github.com/yurika0211/luckyharness/api/grpc/luckyharness.pb.gw.go:743.149,750.17 7 0
github.com/yurika0211/luckyharness/api/grpc/luckyharness.pb.gw.go:750.17,753.4 2 0
github.com/yurika0211/luckyharness/api/grpc/luckyharness.pb.gw.go:754.3,757.17 4 0
github.com/yurika0211/luckyharness/api/grpc/luckyharness.pb.gw.go:757.17,760.4 2 0
github.com/yurika0211/luckyharness/api/grpc/luckyharness.pb.gw.go:761.3,761.136 1 0
github.com/yurika0211/luckyharness/api/grpc/luckyharness.pb.gw.go:764.2,764.12 1 0
github.com/yurika0211/luckyharness/api/grpc/luckyharness.pb.gw.go:769.150,771.16 2 0
github.com/yurika0211/luckyharness/api/grpc/luckyharness.pb.gw.go:771.16,773.3 1 0
github.com/yurika0211/luckyharness/api/grpc/luckyharness.pb.gw.go:774.2,774.15 1 0
github.com/yurika0211/luckyharness/api/grpc/luckyharness.pb.gw.go:774.15,775.17 1 0
github.com/yurika0211/luckyharness/api/grpc/luckyharness.pb.gw.go:775.17,776.41 1 0
github.com/yurika0211/luckyharness/api/grpc/luckyharness.pb.gw.go:776.41,778.5 1 0
github.com/yurika0211/luckyharness/api/grpc/luckyharness.pb.gw.go:779.4,779.10 1 0
github.com/yurika0211/luckyharness/api/grpc/luckyharness.pb.gw.go:781.3,781.13 1 0
github.com/yurika0211/luckyharness/api/grpc/luckyharness.pb.gw.go:781.13,783.41 2 0
github.com/yurika0211/luckyharness/api/grpc/luckyharness.pb.gw.go:783.41,785.5 1 0
github.com/yurika0211/luckyharness/api/grpc/luckyharness.pb.gw.go:788.2,788.59 1 0
github.com/yurika0211/luckyharness/api/grpc/luckyharness.pb.gw.go:793.114,795.2 1 0
github.com/yurika0211/luckyharness/api/grpc/luckyharness.pb.gw.go:802.131,803.143 1 0
github.com/yurika0211/luckyharness/api/grpc/luckyharness.pb.gw.go:803.143,808.17 5 0
github.com/yurika0211/luckyharness/api/grpc/luckyharness.pb.gw.go:808.17,811.4 2 0
github.com/yurika0211/luckyharness/api/grpc/luckyharness.pb.gw.go:812.3,814.17 3 0
github.com/yurika0211/luckyharness/api/grpc/luckyharness.pb.gw.go:814.17,817.4 2 0
github.com/yurika0211/luckyharness/api/grpc/luckyharness.pb.gw.go:818.3,818.129 1 0
github.com/yurika0211/luckyharness/api/grpc/luckyharness.pb.gw.go:820.2,820.149 1 0
github.com/yurika0211/luckyharness/api/grpc/luckyharness.pb.gw.go:820.149,825.17 5 0
github.com/yurika0211/luckyharness/api/grpc/luckyharness.pb.gw.go:825.17,828.4 2 0
github.com/yurika0211/luckyharness/api/grpc/luckyharness.pb.gw.go:829.3,831.17 3 0
github.com/yurika0211/luckyharness/api/grpc/luckyharness.pb.gw.go:831.17,834.4 2 0
github.com/yurika0211/luckyharness/api/grpc/luckyharness.pb.gw.go:835.3,835.124 1 0
github.com/yurika0211/luckyharness/api/grpc/luckyharness.pb.gw.go:835.124,835.146 1 0
github.com/yurika0211/luckyharness/api/grpc/luckyharness.pb.gw.go:837.2,837.150 1 0
github.com/yurika0211/luckyharness/api/grpc/luckyharness.pb.gw.go:837.150,842.17 5 0
github.com/yurika0211/luckyharness/api/grpc/luckyharness.pb.gw.go:842.17,845.4 2 0
github.com/yurika0211/luckyharness/api/grpc/luckyharness.pb.gw.go:846.3,848.17 3 0
github.com/yurika0211/luckyharness/api/grpc/luckyharness.pb.gw.go:848.17,851.4 2 0
github.com/yurika0211/luckyharness/api/grpc/luckyharness.pb.gw.go:852.3,852.136 1 0
github.com/yurika0211/luckyharness/api/grpc/luckyharness.pb.gw.go:854.2,854.151 1 0
github.com/yurika0211/luckyharness/api/grpc/luckyharness.pb.gw.go:854.151,859.17 5 0
github.com/yurika0211/luckyharness/api/grpc/luckyharness.pb.gw.go:859.17,862.4 2 0
github.com/yurika0211/luckyharness/api/grpc/luckyharness.pb.gw.go:863.3,865.17 3 0
github.com/yurika0211/luckyharness/api/grpc/luckyharness.pb.gw.go:865.17,868.4 2 0
github.com/yurika0211/luckyharness/api/grpc/luckyharness.pb.gw.go:869.3,869.137 1 0
github.com/yurika0211/luckyharness/api/grpc/luckyharness.pb.gw.go:871.2,871.148 1 0
github.com/yurika0211/luckyharness/api/grpc/luckyharness.pb.gw.go:871.148,876.17 5 0
github.com/yurika0211/luckyharness/api/grpc/luckyharness.pb.gw.go:876.17,879.4 2 0
github.com/yurika0211/luckyharness/api/grpc/luckyharness.pb.gw.go:880.3,882.17 3 0
github.com/yurika0211/luckyharness/api/grpc/luckyharness.pb.gw.go:882.17,885.4 2 0
github.com/yurika0211/luckyharness/api/grpc/luckyharness.pb.gw.go:886.3,886.135 1 0
github.com/yurika0211/luckyharness/api/grpc/luckyharness.pb.gw.go:888.2,888.153 1 0
github.com/yurika0211/luckyharness/api/grpc/luckyharness.pb.gw.go:888.153,893.17 5 0
github.com/yurika0211/luckyharness/api/grpc/luckyharness.pb.gw.go:893.17,896.4 2 0
github.com/yurika0211/luckyharness/api/grpc/luckyharness.pb.gw.go:897.3,899.17 3 0
github.com/yurika0211/luckyharness/api/grpc/luckyharness.pb.gw.go:899.17,902.4 2 0
github.com/yurika0211/luckyharness/api/grpc/luckyharness.pb.gw.go:903.3,903.137 1 0
github.com/yurika0211/luckyharness/api/grpc/luckyharness.pb.gw.go:905.2,905.147 1 0
github.com/yurika0211/luckyharness/api/grpc/luckyharness.pb.gw.go:905.147,910.17 5 0
github.com/yurika0211/luckyharness/api/grpc/luckyharness.pb.gw.go:910.17,913.4 2 0
github.com/yurika0211/luckyharness/api/grpc/luckyharness.pb.gw.go:914.3,916.17 3 0
github.com/yurika0211/luckyharness/api/grpc/luckyharness.pb.gw.go:916.17,919.4 2 0
github.com/yurika0211/luckyharness/api/grpc/luckyharness.pb.gw.go:920.3,920.133 1 0
github.com/yurika0211/luckyharness/api/grpc/luckyharness.pb.gw.go:922.2,922.148 1 0
github.com/yurika0211/luckyharness/api/grpc/luckyharness.pb.gw.go:922.148,927.17 5 0
github.com/yurika0211/luckyharness/api/grpc/luckyharness.pb.gw.go:927.17,930.4 2 0
github.com/yurika0211/luckyharness/api/grpc/luckyharness.pb.gw.go:931.3,933.17 3 0
github.com/yurika0211/luckyharness/api/grpc/luckyharness.pb.gw.go:933.17,936.4 2 0
github.com/yurika0211/luckyharness/api/grpc/luckyharness.pb.gw.go:937.3,937.134 1 0
github.com/yurika0211/luckyharness/api/grpc/luckyharness.pb.gw.go:939.2,939.153 1 0
github.com/yurika0211/luckyharness/api/grpc/luckyharness.pb.gw.go:939.153,944.17 5 0
github.com/yurika0211/luckyharness/api/grpc/luckyharness.pb.gw.go:944.17,947.4 2 0
github.com/yurika0211/luckyharness/api/grpc/luckyharness.pb.gw.go:948.3,950.17 3 0
github.com/yurika0211/luckyharness/api/grpc/luckyharness.pb.gw.go:950.17,953.4 2 0
github.com/yurika0211/luckyharness/api/grpc/luckyharness.pb.gw.go:954.3,954.139 1 0
github.com/yurika0211/luckyharness/api/grpc/luckyharness.pb.gw.go:956.2,956.149 1 0
github.com/yurika0211/luckyharness/api/grpc/luckyharness.pb.gw.go:956.149,961.17 5 0
github.com/yurika0211/luckyharness/api/grpc/luckyharness.pb.gw.go:961.17,964.4 2 0
github.com/yurika0211/luckyharness/api/grpc/luckyharness.pb.gw.go:965.3,967.17 3 0
github.com/yurika0211/luckyharness/api/grpc/luckyharness.pb.gw.go:967.17,970.4 2 0
github.com/yurika0211/luckyharness/api/grpc/luckyharness.pb.gw.go:971.3,971.136 1 0
github.com/yurika0211/luckyharness/api/grpc/luckyharness.pb.gw.go:973.2,973.150 1 0
github.com/yurika0211/luckyharness/api/grpc/luckyharness.pb.gw.go:973.150,978.17 5 0
github.com/yurika0211/luckyharness/api/grpc/luckyharness.pb.gw.go:978.17,981.4 2 0
github.com/yurika0211/luckyharness/api/grpc/luckyharness.pb.gw.go:982.3,984.17 3 0
github.com/yurika0211/luckyharness/api/grpc/luckyharness.pb.gw.go:984.17,987.4 2 0
github.com/yurika0211/luckyharness/api/grpc/luckyharness.pb.gw.go:988.3,988.137 1 0
github.com/yurika0211/luckyharness/api/grpc/luckyharness.pb.gw.go:990.2,990.155 1 0
github.com/yurika0211/luckyharness/api/grpc/luckyharness.pb.gw.go:990.155,995.17 5 0
github.com/yurika0211/luckyharness/api/grpc/luckyharness.pb.gw.go:995.17,998.4 2 0
github.com/yurika0211/luckyharness/api/grpc/luckyharness.pb.gw.go:999.3,1001.17 3 0
github.com/yurika0211/luckyharness/api/grpc/luckyharness.pb.gw.go:1001.17,1004.4 2 0
github.com/yurika0211/luckyharness/api/grpc/luckyharness.pb.gw.go:1005.3,1005.139 1 0
github.com/yurika0211/luckyharness/api/grpc/luckyharness.pb.gw.go:1007.2,1007.152 1 0
github.com/yurika0211/luckyharness/api/grpc/luckyharness.pb.gw.go:1007.152,1012.17 5 0
github.com/yurika0211/luckyharness/api/grpc/luckyharness.pb.gw.go:1012.17,1015.4 2 0
github.com/yurika0211/luckyharness/api/grpc/luckyharness.pb.gw.go:1016.3,1018.17 3 0
github.com/yurika0211/luckyharness/api/grpc/luckyharness.pb.gw.go:1018.17,1021.4 2 0
github.com/yurika0211/luckyharness/api/grpc/luckyharness.pb.gw.go:1022.3,1022.138 1 0
github.com/yurika0211/luckyharness/api/grpc/luckyharness.pb.gw.go:1024.2,1024.157 1 0
github.com/yurika0211/luckyharness/api/grpc/luckyharness.pb.gw.go:1024.157,1029.17 5 0
github.com/yurika0211/luckyharness/api/grpc/luckyharness.pb.gw.go:1029.17,1032.4 2 0
github.com/yurika0211/luckyharness/api/grpc/luckyharness.pb.gw.go:1033.3,1035.17 3 0
github.com/yurika0211/luckyharness/api/grpc/luckyharness.pb.gw.go:1035.17,1038.4 2 0
github.com/yurika0211/luckyharness/api/grpc/luckyharness.pb.gw.go:1039.3,1039.144 1 0
github.com/yurika0211/luckyharness/api/grpc/luckyharness.pb.gw.go:1041.2,1041.149 1 0
github.com/yurika0211/luckyharness/api/grpc/luckyharness.pb.gw.go:1041.149,1046.17 5 0
github.com/yurika0211/luckyharness/api/grpc/luckyharness.pb.gw.go:1046.17,1049.4 2 0
github.com/yurika0211/luckyharness/api/grpc/luckyharness.pb.gw.go:1050.3,1052.17 3 0
github.com/yurika0211/luckyharness/api/grpc/luckyharness.pb.gw.go:1052.17,1055.4 2 0
github.com/yurika0211/luckyharness/api/grpc/luckyharness.pb.gw.go:1056.3,1056.136 1 0
github.com/yurika0211/luckyharness/api/grpc/luckyharness.pb.gw.go:1058.2,1058.12 1 0
github.com/yurika0211/luckyharness/api/grpc/luckyharness_grpc.pb.go:72.90,74.2 1 0
github.com/yurika0211/luckyharness/api/grpc/luckyharness_grpc.pb.go:76.128,80.16 4 0
github.com/yurika0211/luckyharness/api/grpc/luckyharness_grpc.pb.go:80.16,82.3 1 0
github.com/yurika0211/luckyharness/api/grpc/luckyharness_grpc.pb.go:83.2,83.17 1 0
github.com/yurika0211/luckyharness/api/grpc/luckyharness_grpc.pb.go:86.158,89.16 3 0
github.com/yurika0211/luckyharness/api/grpc/luckyharness_grpc.pb.go:89.16,91.3 1 0
github.com/yurika0211/luckyharness/api/grpc/luckyharness_grpc.pb.go:92.2,93.51 2 0
github.com/yurika0211/luckyharness/api/grpc/luckyharness_grpc.pb.go:93.51,95.3 1 0
github.com/yurika0211/luckyharness/api/grpc/luckyharness_grpc.pb.go:96.2,96.51 1 0
github.com/yurika0211/luckyharness/api/grpc/luckyharness_grpc.pb.go:96.51,98.3 1 0
github.com/yurika0211/luckyharness/api/grpc/luckyharness_grpc.pb.go:99.2,99.15 1 0
github.com/yurika0211/luckyharness/api/grpc/luckyharness_grpc.pb.go:105.141,109.16 4 0
github.com/yurika0211/luckyharness/api/grpc/luckyharness_grpc.pb.go:109.16,111.3 1 0
github.com/yurika0211/luckyharness/api/grpc/luckyharness_grpc.pb.go:112.2,112.17 1 0
github.com/yurika0211/luckyharness/api/grpc/luckyharness_grpc.pb.go:115.152,119.16 4 0
github.com/yurika0211/luckyharness/api/grpc/luckyharness_grpc.pb.go:119.16,121.3 1 0
github.com/yurika0211/luckyharness/api/grpc/luckyharness_grpc.pb.go:122.2,122.17 1 0
github.com/yurika0211/luckyharness/api/grpc/luckyharness_grpc.pb.go:125.142,129.16 4 0
github.com/yurika0211/luckyharness/api/grpc/luckyharness_grpc.pb.go:129.16,131.3 1 0
github.com/yurika0211/luckyharness/api/grpc/luckyharness_grpc.pb.go:132.2,132.17 1 0
github.com/yurika0211/luckyharness/api/grpc/luckyharness_grpc.pb.go:135.145,139.16 4 0
github.com/yurika0211/luckyharness/api/grpc/luckyharness_grpc.pb.go:139.16,141.3 1 0
github.com/yurika0211/luckyharness/api/grpc/luckyharness_grpc.pb.go:142.2,142.17 1 0
github.com/yurika0211/luckyharness/api/grpc/luckyharness_grpc.pb.go:145.140,149.16 4 0
github.com/yurika0211/luckyharness/api/grpc/luckyharness_grpc.pb.go:149.16,151.3 1 0
github.com/yurika0211/luckyharness/api/grpc/luckyharness_grpc.pb.go:152.2,152.17 1 0
github.com/yurika0211/luckyharness/api/grpc/luckyharness_grpc.pb.go:155.143,159.16 4 0
github.com/yurika0211/luckyharness/api/grpc/luckyharness_grpc.pb.go:159.16,161.3 1 0
github.com/yurika0211/luckyharness/api/grpc/luckyharness_grpc.pb.go:162.2,162.17 1 0
github.com/yurika0211/luckyharness/api/grpc/luckyharness_grpc.pb.go:165.144,169.16 4 0
github.com/yurika0211/luckyharness/api/grpc/luckyharness_grpc.pb.go:169.16,171.3 1 0
github.com/yurika0211/luckyharness/api/grpc/luckyharness_grpc.pb.go:172.2,172.17 1 0
github.com/yurika0211/luckyharness/api/grpc/luckyharness_grpc.pb.go:175.138,179.16 4 0
github.com/yurika0211/luckyharness/api/grpc/luckyharness_grpc.pb.go:179.16,181.3 1 0
github.com/yurika0211/luckyharness/api/grpc/luckyharness_grpc.pb.go:182.2,182.17 1 0
github.com/yurika0211/luckyharness/api/grpc/luckyharness_grpc.pb.go:185.146,189.16 4 0
github.com/yurika0211/luckyharness/api/grpc/luckyharness_grpc.pb.go:189.16,191.3 1 0
github.com/yurika0211/luckyharness/api/grpc/luckyharness_grpc.pb.go:192.2,192.17 1 0
github.com/yurika0211/luckyharness/api/grpc/luckyharness_grpc.pb.go:195.149,199.16 4 0
github.com/yurika0211/luckyharness/api/grpc/luckyharness_grpc.pb.go:199.16,201.3 1 0
github.com/yurika0211/luckyharness/api/grpc/luckyharness_grpc.pb.go:202.2,202.17 1 0
github.com/yurika0211/luckyharness/api/grpc/luckyharness_grpc.pb.go:205.150,209.16 4 0
github.com/yurika0211/luckyharness/api/grpc/luckyharness_grpc.pb.go:209.16,211.3 1 0
github.com/yurika0211/luckyharness/api/grpc/luckyharness_grpc.pb.go:212.2,212.17 1 0
github.com/yurika0211/luckyharness/api/grpc/luckyharness_grpc.pb.go:215.162,219.16 4 0
github.com/yurika0211/luckyharness/api/grpc/luckyharness_grpc.pb.go:219.16,221.3 1 0
github.com/yurika0211/luckyharness/api/grpc/luckyharness_grpc.pb.go:222.2,222.17 1 0
github.com/yurika0211/luckyharness/api/grpc/luckyharness_grpc.pb.go:225.144,229.16 4 0
github.com/yurika0211/luckyharness/api/grpc/luckyharness_grpc.pb.go:229.16,231.3 1 0
github.com/yurika0211/luckyharness/api/grpc/luckyharness_grpc.pb.go:232.2,232.17 1 0
github.com/yurika0211/luckyharness/api/grpc/luckyharness_grpc.pb.go:271.106,273.2 1 0
github.com/yurika0211/luckyharness/api/grpc/luckyharness_grpc.pb.go:274.117,276.2 1 0
github.com/yurika0211/luckyharness/api/grpc/luckyharness_grpc.pb.go:277.119,279.2 1 0
github.com/yurika0211/luckyharness/api/grpc/luckyharness_grpc.pb.go:280.130,282.2 1 0
github.com/yurika0211/luckyharness/api/grpc/luckyharness_grpc.pb.go:283.120,285.2 1 0
github.com/yurika0211/luckyharness/api/grpc/luckyharness_grpc.pb.go:286.123,288.2 1 0
github.com/yurika0211/luckyharness/api/grpc/luckyharness_grpc.pb.go:289.118,291.2 1 0
github.com/yurika0211/luckyharness/api/grpc/luckyharness_grpc.pb.go:292.121,294.2 1 0
github.com/yurika0211/luckyharness/api/grpc/luckyharness_grpc.pb.go:295.122,297.2 1 0
github.com/yurika0211/luckyharness/api/grpc/luckyharness_grpc.pb.go:298.116,300.2 1 0
github.com/yurika0211/luckyharness/api/grpc/luckyharness_grpc.pb.go:301.124,303.2 1 0
github.com/yurika0211/luckyharness/api/grpc/luckyharness_grpc.pb.go:304.127,306.2 1 0
github.com/yurika0211/luckyharness/api/grpc/luckyharness_grpc.pb.go:307.128,309.2 1 0
github.com/yurika0211/luckyharness/api/grpc/luckyharness_grpc.pb.go:310.140,312.2 1 0
github.com/yurika0211/luckyharness/api/grpc/luckyharness_grpc.pb.go:313.122,315.2 1 0
github.com/yurika0211/luckyharness/api/grpc/luckyharness_grpc.pb.go:316.98,316.99 0 0
github.com/yurika0211/luckyharness/api/grpc/luckyharness_grpc.pb.go:317.98,317.99 0 1
github.com/yurika0211/luckyharness/api/grpc/luckyharness_grpc.pb.go:326.96,331.59 1 1
github.com/yurika0211/luckyharness/api/grpc/luckyharness_grpc.pb.go:331.59,333.3 1 1
github.com/yurika0211/luckyharness/api/grpc/luckyharness_grpc.pb.go:334.2,334.58 1 1
github.com/yurika0211/luckyharness/api/grpc/luckyharness_grpc.pb.go:337.169,339.32 2 0
github.com/yurika0211/luckyharness/api/grpc/luckyharness_grpc.pb.go:339.32,341.3 1 0
github.com/yurika0211/luckyharness/api/grpc/luckyharness_grpc.pb.go:342.2,342.24 1 0
github.com/yurika0211/luckyharness/api/grpc/luckyharness_grpc.pb.go:342.24,344.3 1 0
github.com/yurika0211/luckyharness/api/grpc/luckyharness_grpc.pb.go:345.2,349.77 2 0
github.com/yurika0211/luckyharness/api/grpc/luckyharness_grpc.pb.go:349.77,351.3 1 0
github.com/yurika0211/luckyharness/api/grpc/luckyharness_grpc.pb.go:352.2,352.44 1 0
github.com/yurika0211/luckyharness/api/grpc/luckyharness_grpc.pb.go:355.95,357.42 2 0
github.com/yurika0211/luckyharness/api/grpc/luckyharness_grpc.pb.go:357.42,359.3 1 0
github.com/yurika0211/luckyharness/api/grpc/luckyharness_grpc.pb.go:360.2,360.127 1 0
github.com/yurika0211/luckyharness/api/grpc/luckyharness_grpc.pb.go:366.176,368.32 2 0
github.com/yurika0211/luckyharness/api/grpc/luckyharness_grpc.pb.go:368.32,370.3 1 0
github.com/yurika0211/luckyharness/api/grpc/luckyharness_grpc.pb.go:371.2,371.24 1 0
github.com/yurika0211/luckyharness/api/grpc/luckyharness_grpc.pb.go:371.24,373.3 1 0
github.com/yurika0211/luckyharness/api/grpc/luckyharness_grpc.pb.go:374.2,378.77 2 0
github.com/yurika0211/luckyharness/api/grpc/luckyharness_grpc.pb.go:378.77,380.3 1 0
github.com/yurika0211/luckyharness/api/grpc/luckyharness_grpc.pb.go:381.2,381.44 1 0
github.com/yurika0211/luckyharness/api/grpc/luckyharness_grpc.pb.go:384.177,386.32 2 0
github.com/yurika0211/luckyharness/api/grpc/luckyharness_grpc.pb.go:386.32,388.3 1 0
github.com/yurika0211/luckyharness/api/grpc/luckyharness_grpc.pb.go:389.2,389.24 1 0
github.com/yurika0211/luckyharness/api/grpc/luckyharness_grpc.pb.go:389.24,391.3 1 0
github.com/yurika0211/luckyharness/api/grpc/luckyharness_grpc.pb.go:392.2,396.77 2 0
github.com/yurika0211/luckyharness/api/grpc/luckyharness_grpc.pb.go:396.77,398.3 1 0
github.com/yurika0211/luckyharness/api/grpc/luckyharness_grpc.pb.go:399.2,399.44 1 0
github.com/yurika0211/luckyharness/api/grpc/luckyharness_grpc.pb.go:402.175,404.32 2 0
github.com/yurika0211/luckyharness/api/grpc/luckyharness_grpc.pb.go:404.32,406.3 1 0
github.com/yurika0211/luckyharness/api/grpc/luckyharness_grpc.pb.go:407.2,407.24 1 0
github.com/yurika0211/luckyharness/api/grpc/luckyharness_grpc.pb.go:407.24,409.3 1 0
github.com/yurika0211/luckyharness/api/grpc/luckyharness_grpc.pb.go:410.2,414.77 2 0
github.com/yurika0211/luckyharness/api/grpc/luckyharness_grpc.pb.go:414.77,416.3 1 0
github.com/yurika0211/luckyharness/api/grpc/luckyharness_grpc.pb.go:417.2,417.44 1 0
github.com/yurika0211/luckyharness/api/grpc/luckyharness_grpc.pb.go:420.177,422.32 2 0
github.com/yurika0211/luckyharness/api/grpc/luckyharness_grpc.pb.go:422.32,424.3 1 0
github.com/yurika0211/luckyharness/api/grpc/luckyharness_grpc.pb.go:425.2,425.24 1 0
github.com/yurika0211/luckyharness/api/grpc/luckyharness_grpc.pb.go:425.24,427.3 1 0
github.com/yurika0211/luckyharness/api/grpc/luckyharness_grpc.pb.go:428.2,432.77 2 0
github.com/yurika0211/luckyharness/api/grpc/luckyharness_grpc.pb.go:432.77,434.3 1 0
[...]
github.com/yurika0211/luckyharness/internal/tool/subscription.go:24.16,25.17 1 0
github.com/yurika0211/luckyharness/internal/tool/subscription.go:26.14,27.15 1 1
github.com/yurika0211/luckyharness/internal/tool/subscription.go:28.21,29.22 1 0
github.com/yurika0211/luckyharness/internal/tool/subscription.go:30.10,31.19 1 0
github.com/yurika0211/luckyharness/internal/tool/subscription.go:36.46,37.11 1 1
github.com/yurika0211/luckyharness/internal/tool/subscription.go:38.14,39.22 1 1
github.com/yurika0211/luckyharness/internal/tool/subscription.go:40.15,41.23 1 1
github.com/yurika0211/luckyharness/internal/tool/subscription.go:42.13,43.21 1 1
github.com/yurika0211/luckyharness/internal/tool/subscription.go:44.20,45.28 1 1
github.com/yurika0211/luckyharness/internal/tool/subscription.go:46.10,47.65 1 1
github.com/yurika0211/luckyharness/internal/tool/subscription.go:61.50,92.2 1 1
github.com/yurika0211/luckyharness/internal/tool/subscription.go:104.44,106.2 1 1
github.com/yurika0211/luckyharness/internal/tool/subscription.go:125.52,131.2 1 1
github.com/yurika0211/luckyharness/internal/tool/subscription.go:134.101,148.64 5 1
github.com/yurika0211/luckyharness/internal/tool/subscription.go:148.64,151.3 2 1
github.com/yurika0211/luckyharness/internal/tool/subscription.go:153.2,154.12 2 1
github.com/yurika0211/luckyharness/internal/tool/subscription.go:158.59,163.2 4 1
github.com/yurika0211/luckyharness/internal/tool/subscription.go:166.81,170.36 3 1
github.com/yurika0211/luckyharness/internal/tool/subscription.go:170.36,173.3 2 1
github.com/yurika0211/luckyharness/internal/tool/subscription.go:174.2,174.12 1 1
github.com/yurika0211/luckyharness/internal/tool/subscription.go:178.69,184.54 4 1
github.com/yurika0211/luckyharness/internal/tool/subscription.go:184.54,186.3 1 1
github.com/yurika0211/luckyharness/internal/tool/subscription.go:188.2,189.9 2 1
github.com/yurika0211/luckyharness/internal/tool/subscription.go:189.9,191.3 1 0
github.com/yurika0211/luckyharness/internal/tool/subscription.go:196.2,197.60 2 1
github.com/yurika0211/luckyharness/internal/tool/subscription.go:197.60,199.3 1 1
github.com/yurika0211/luckyharness/internal/tool/subscription.go:202.2,205.76 3 1
github.com/yurika0211/luckyharness/internal/tool/subscription.go:205.76,207.3 1 1
github.com/yurika0211/luckyharness/internal/tool/subscription.go:208.2,208.79 1 1
github.com/yurika0211/luckyharness/internal/tool/subscription.go:208.79,210.3 1 0
github.com/yurika0211/luckyharness/internal/tool/subscription.go:212.2,212.13 1 1
github.com/yurika0211/luckyharness/internal/tool/subscription.go:216.69,224.2 6 1
github.com/yurika0211/luckyharness/internal/tool/subscription.go:227.79,232.2 4 1
github.com/yurika0211/luckyharness/internal/tool/subscription.go:235.71,238.35 3 1
github.com/yurika0211/luckyharness/internal/tool/subscription.go:238.35,240.3 1 1
github.com/yurika0211/luckyharness/internal/tool/subscription.go:241.2,241.21 1 0
github.com/yurika0211/luckyharness/internal/tool/subscription.go:245.71,250.28 4 1
github.com/yurika0211/luckyharness/internal/tool/subscription.go:250.28,252.3 1 1
github.com/yurika0211/luckyharness/internal/tool/subscription.go:254.2,254.39 1 1
github.com/yurika0211/luckyharness/internal/tool/subscription.go:254.39,256.3 1 1
github.com/yurika0211/luckyharness/internal/tool/subscription.go:258.2,258.13 1 1
github.com/yurika0211/luckyharness/internal/tool/subscription.go:262.74,263.35 1 1
github.com/yurika0211/luckyharness/internal/tool/subscription.go:263.35,265.3 1 1
github.com/yurika0211/luckyharness/internal/tool/subscription.go:266.2,272.10 4 1
github.com/yurika0211/luckyharness/internal/tool/subscription.go:276.64,278.27 2 1
github.com/yurika0211/luckyharness/internal/tool/subscription.go:278.27,281.3 2 0
github.com/yurika0211/luckyharness/internal/tool/subscription.go:282.2,282.28 1 1
github.com/yurika0211/luckyharness/internal/tool/subscription.go:282.28,285.3 2 0
github.com/yurika0211/luckyharness/internal/tool/subscription.go:289.46,290.50 1 1
github.com/yurika0211/luckyharness/internal/tool/subscription.go:290.50,292.3 1 1
github.com/yurika0211/luckyharness/internal/tool/subscription.go:293.2,293.52 1 1
github.com/yurika0211/luckyharness/internal/tool/subscription.go:293.52,295.3 1 1
github.com/yurika0211/luckyharness/internal/tool/subscription.go:296.2,296.90 1 1
github.com/yurika0211/luckyharness/internal/tool/subscription.go:296.90,298.3 1 1
github.com/yurika0211/luckyharness/internal/tool/subscription.go:299.2,299.19 1 1
github.com/yurika0211/luckyharness/internal/tool/subscription.go:303.63,304.28 1 1
github.com/yurika0211/luckyharness/internal/tool/subscription.go:304.28,305.15 1 1
github.com/yurika0211/luckyharness/internal/tool/subscription.go:305.15,307.4 1 1
github.com/yurika0211/luckyharness/internal/tool/subscription.go:309.2,309.14 1 1
github.com/yurika0211/luckyharness/internal/tool/tool.go:19.42,20.11 1 1
github.com/yurika0211/luckyharness/internal/tool/tool.go:21.16,22.16 1 1
github.com/yurika0211/luckyharness/internal/tool/tool.go:23.19,24.19 1 1
github.com/yurika0211/luckyharness/internal/tool/tool.go:25.16,26.16 1 1
github.com/yurika0211/luckyharness/internal/tool/tool.go:27.10,28.19 1 0
github.com/yurika0211/luckyharness/internal/tool/tool.go:69.48,78.36 4 1
github.com/yurika0211/luckyharness/internal/tool/tool.go:78.36,85.24 2 1
github.com/yurika0211/luckyharness/internal/tool/tool.go:85.24,89.4 1 0
github.com/yurika0211/luckyharness/internal/tool/tool.go:91.3,91.23 1 1
github.com/yurika0211/luckyharness/internal/tool/tool.go:91.23,93.4 1 1
github.com/yurika0211/luckyharness/internal/tool/tool.go:94.3,94.17 1 1
github.com/yurika0211/luckyharness/internal/tool/tool.go:94.17,96.4 1 1
github.com/yurika0211/luckyharness/internal/tool/tool.go:97.3,97.25 1 1
github.com/yurika0211/luckyharness/internal/tool/tool.go:99.2,100.23 2 1
github.com/yurika0211/luckyharness/internal/tool/tool.go:100.23,102.3 1 1
github.com/yurika0211/luckyharness/internal/tool/tool.go:102.8,104.3 1 0
github.com/yurika0211/luckyharness/internal/tool/tool.go:106.2,113.3 1 1
github.com/yurika0211/luckyharness/internal/tool/tool.go:117.39,119.26 2 1
github.com/yurika0211/luckyharness/internal/tool/tool.go:119.26,121.55 1 1
github.com/yurika0211/luckyharness/internal/tool/tool.go:121.55,123.4 1 1
github.com/yurika0211/luckyharness/internal/tool/tool.go:123.9,125.4 1 0
github.com/yurika0211/luckyharness/internal/tool/tool.go:127.2,129.19 2 1
github.com/yurika0211/luckyharness/internal/tool/tool.go:129.19,131.3 1 0
github.com/yurika0211/luckyharness/internal/tool/tool.go:132.2,132.19 1 1
github.com/yurika0211/luckyharness/internal/tool/tool.go:132.19,134.3 1 0
github.com/yurika0211/luckyharness/internal/tool/tool.go:135.2,135.12 1 1
github.com/yurika0211/luckyharness/internal/tool/tool.go:139.47,143.2 1 1
github.com/yurika0211/luckyharness/internal/tool/tool.go:153.30,158.2 1 1
github.com/yurika0211/luckyharness/internal/tool/tool.go:161.41,166.2 4 1
github.com/yurika0211/luckyharness/internal/tool/tool.go:169.44,173.2 3 1
github.com/yurika0211/luckyharness/internal/tool/tool.go:176.51,181.2 4 1
github.com/yurika0211/luckyharness/internal/tool/tool.go:184.35,188.28 4 1
github.com/yurika0211/luckyharness/internal/tool/tool.go:188.28,190.3 1 1
github.com/yurika0211/luckyharness/internal/tool/tool.go:191.2,191.40 1 1
github.com/yurika0211/luckyharness/internal/tool/tool.go:191.40,193.3 1 1
github.com/yurika0211/luckyharness/internal/tool/tool.go:194.2,194.14 1 1
github.com/yurika0211/luckyharness/internal/tool/tool.go:198.57,202.28 4 1
github.com/yurika0211/luckyharness/internal/tool/tool.go:202.28,203.24 1 1
github.com/yurika0211/luckyharness/internal/tool/tool.go:203.24,205.4 1 1
github.com/yurika0211/luckyharness/internal/tool/tool.go:207.2,207.40 1 1
github.com/yurika0211/luckyharness/internal/tool/tool.go:207.40,209.3 1 1
github.com/yurika0211/luckyharness/internal/tool/tool.go:210.2,210.14 1 1
github.com/yurika0211/luckyharness/internal/tool/tool.go:214.42,218.28 4 1
github.com/yurika0211/luckyharness/internal/tool/tool.go:218.28,219.16 1 1
github.com/yurika0211/luckyharness/internal/tool/tool.go:219.16,221.4 1 1
github.com/yurika0211/luckyharness/internal/tool/tool.go:223.2,223.40 1 1
github.com/yurika0211/luckyharness/internal/tool/tool.go:223.40,225.3 1 0
github.com/yurika0211/luckyharness/internal/tool/tool.go:226.2,226.14 1 1
github.com/yurika0211/luckyharness/internal/tool/tool.go:230.75,235.9 3 1
github.com/yurika0211/luckyharness/internal/tool/tool.go:235.9,238.3 2 1
github.com/yurika0211/luckyharness/internal/tool/tool.go:239.2,241.9 2 1
github.com/yurika0211/luckyharness/internal/tool/tool.go:241.9,243.3 1 1
github.com/yurika0211/luckyharness/internal/tool/tool.go:244.2,244.16 1 1
github.com/yurika0211/luckyharness/internal/tool/tool.go:244.16,246.3 1 1
github.com/yurika0211/luckyharness/internal/tool/tool.go:249.2,250.44 2 1
github.com/yurika0211/luckyharness/internal/tool/tool.go:250.44,252.3 1 1
github.com/yurika0211/luckyharness/internal/tool/tool.go:253.2,253.22 1 1
github.com/yurika0211/luckyharness/internal/tool/tool.go:253.22,255.3 1 1
github.com/yurika0211/luckyharness/internal/tool/tool.go:257.2,257.24 1 1
github.com/yurika0211/luckyharness/internal/tool/tool.go:268.109,273.9 4 1
github.com/yurika0211/luckyharness/internal/tool/tool.go:273.9,275.3 1 1
github.com/yurika0211/luckyharness/internal/tool/tool.go:276.2,276.16 1 1
github.com/yurika0211/luckyharness/internal/tool/tool.go:276.16,278.3 1 1
github.com/yurika0211/luckyharness/internal/tool/tool.go:281.2,282.44 2 1
github.com/yurika0211/luckyharness/internal/tool/tool.go:282.44,284.3 1 0
github.com/yurika0211/luckyharness/internal/tool/tool.go:285.2,285.22 1 1
github.com/yurika0211/luckyharness/internal/tool/tool.go:285.22,287.3 1 0
github.com/yurika0211/luckyharness/internal/tool/tool.go:290.2,290.31 1 1
github.com/yurika0211/luckyharness/internal/tool/tool.go:290.31,291.18 1 1
github.com/yurika0211/luckyharness/internal/tool/tool.go:291.18,293.4 1 1
github.com/yurika0211/luckyharness/internal/tool/tool.go:294.3,295.24 2 1
github.com/yurika0211/luckyharness/internal/tool/tool.go:298.2,298.24 1 1
github.com/yurika0211/luckyharness/internal/tool/tool.go:302.74,307.9 4 1
github.com/yurika0211/luckyharness/internal/tool/tool.go:307.9,309.3 1 0
github.com/yurika0211/luckyharness/internal/tool/tool.go:311.2,312.44 2 1
github.com/yurika0211/luckyharness/internal/tool/tool.go:312.44,314.3 1 1
github.com/yurika0211/luckyharness/internal/tool/tool.go:315.2,315.18 1 1
github.com/yurika0211/luckyharness/internal/tool/tool.go:319.83,323.33 3 1
github.com/yurika0211/luckyharness/internal/tool/tool.go:323.33,325.3 1 0
github.com/yurika0211/luckyharness/internal/tool/tool.go:326.2,327.12 2 1
github.com/yurika0211/luckyharness/internal/tool/tool.go:331.46,336.9 4 1
github.com/yurika0211/luckyharness/internal/tool/tool.go:336.9,338.3 1 0
github.com/yurika0211/luckyharness/internal/tool/tool.go:339.2,340.12 2 1
github.com/yurika0211/luckyharness/internal/tool/tool.go:344.47,349.9 4 1
github.com/yurika0211/luckyharness/internal/tool/tool.go:349.9,351.3 1 0
github.com/yurika0211/luckyharness/internal/tool/tool.go:352.2,353.12 2 1
github.com/yurika0211/luckyharness/internal/tool/tool.go:357.32,361.2 3 1
github.com/yurika0211/luckyharness/internal/tool/tool.go:364.44,370.28 5 1
github.com/yurika0211/luckyharness/internal/tool/tool.go:370.28,372.3 1 1
github.com/yurika0211/luckyharness/internal/tool/tool.go:374.2,374.76 1 1
github.com/yurika0211/luckyharness/internal/tool/tool.go:374.76,376.29 2 1
github.com/yurika0211/luckyharness/internal/tool/tool.go:376.29,377.12 1 1
github.com/yurika0211/luckyharness/internal/tool/tool.go:379.3,380.27 2 1
github.com/yurika0211/luckyharness/internal/tool/tool.go:380.27,382.18 2 1
github.com/yurika0211/luckyharness/internal/tool/tool.go:382.18,384.5 1 0
github.com/yurika0211/luckyharness/internal/tool/tool.go:385.4,386.24 2 1
github.com/yurika0211/luckyharness/internal/tool/tool.go:387.18,388.23 1 1
github.com/yurika0211/luckyharness/internal/tool/tool.go:389.21,390.23 1 1
github.com/yurika0211/luckyharness/internal/tool/tool.go:391.18,392.23 1 0
github.com/yurika0211/luckyharness/internal/tool/tool.go:394.4,394.92 1 1
github.com/yurika0211/luckyharness/internal/tool/tool.go:397.2,397.19 1 1
github.com/yurika0211/luckyharness/internal/tool/tool.go:407.41,409.2 1 1
github.com/yurika0211/luckyharness/internal/tool/tool.go:416.41,418.2 1 1
github.com/yurika0211/luckyharness/internal/tool/tool.go:425.39,427.2 1 1
github.com/yurika0211/luckyharness/internal/tool/tool.go:440.57,447.2 1 1
github.com/yurika0211/luckyharness/internal/tool/tool.go:450.72,451.26 1 1
github.com/yurika0211/luckyharness/internal/tool/tool.go:451.26,453.3 1 0
github.com/yurika0211/luckyharness/internal/tool/tool.go:455.2,456.60 2 1
github.com/yurika0211/luckyharness/internal/tool/tool.go:456.60,459.3 2 1
github.com/yurika0211/luckyharness/internal/tool/tool.go:461.2,461.15 1 1
github.com/yurika0211/luckyharness/internal/tool/tool.go:466.104,467.26 1 1
github.com/yurika0211/luckyharness/internal/tool/tool.go:467.26,469.3 1 0
github.com/yurika0211/luckyharness/internal/tool/tool.go:471.2,477.36 2 1
github.com/yurika0211/luckyharness/internal/tool/tool.go:477.36,478.32 1 1
github.com/yurika0211/luckyharness/internal/tool/tool.go:478.32,484.4 2 1
github.com/yurika0211/luckyharness/internal/tool/tool.go:488.2,489.36 2 1
github.com/yurika0211/luckyharness/internal/tool/tool.go:489.36,492.3 2 1
github.com/yurika0211/luckyharness/internal/tool/tool.go:494.2,494.16 1 1
github.com/yurika0211/luckyharness/internal/tool/tool.go:498.64,501.36 2 1
github.com/yurika0211/luckyharness/internal/tool/tool.go:501.36,503.3 1 1
github.com/yurika0211/luckyharness/internal/tool/tool.go:505.2,506.34 2 1
github.com/yurika0211/luckyharness/internal/tool/tool.go:506.34,509.3 1 1
github.com/yurika0211/luckyharness/internal/tool/tool.go:511.2,511.16 1 1
github.com/yurika0211/luckyharness/internal/tool/tool.go:515.81,516.19 1 1
github.com/yurika0211/luckyharness/internal/tool/tool.go:516.19,518.3 1 0
github.com/yurika0211/luckyharness/internal/tool/tool.go:520.2,521.36 2 1
github.com/yurika0211/luckyharness/internal/tool/tool.go:521.36,523.3 1 1
github.com/yurika0211/luckyharness/internal/tool/tool.go:524.2,524.16 1 1
github.com/yurika0211/luckyharness/internal/tool/tool.go:528.57,529.29 1 1
github.com/yurika0211/luckyharness/internal/tool/tool.go:529.29,531.3 1 0
github.com/yurika0211/luckyharness/internal/tool/tool.go:532.2,532.61 1 1
github.com/yurika0211/luckyharness/internal/tool/usage_tracker.go:36.38,41.2 1 1
github.com/yurika0211/luckyharness/internal/tool/usage_tracker.go:44.94,58.35 5 1
github.com/yurika0211/luckyharness/internal/tool/usage_tracker.go:58.35,60.3 1 1
github.com/yurika0211/luckyharness/internal/tool/usage_tracker.go:64.65,70.9 5 1
github.com/yurika0211/luckyharness/internal/tool/usage_tracker.go:70.9,72.3 1 1
github.com/yurika0211/luckyharness/internal/tool/usage_tracker.go:75.2,75.37 1 1
github.com/yurika0211/luckyharness/internal/tool/usage_tracker.go:75.37,77.3 1 0
github.com/yurika0211/luckyharness/internal/tool/usage_tracker.go:79.2,79.33 1 1
github.com/yurika0211/luckyharness/internal/tool/usage_tracker.go:83.83,84.15 1 1
github.com/yurika0211/luckyharness/internal/tool/usage_tracker.go:84.15,86.3 1 0
github.com/yurika0211/luckyharness/internal/tool/usage_tracker.go:88.2,90.16 3 1
github.com/yurika0211/luckyharness/internal/tool/usage_tracker.go:91.16,92.31 1 1
github.com/yurika0211/luckyharness/internal/tool/usage_tracker.go:93.15,94.33 1 1
github.com/yurika0211/luckyharness/internal/tool/usage_tracker.go:95.17,96.33 1 0
github.com/yurika0211/luckyharness/internal/tool/usage_tracker.go:97.10,98.83 1 1
github.com/yurika0211/luckyharness/internal/tool/usage_tracker.go:101.2,113.12 5 1
github.com/yurika0211/luckyharness/internal/tool/usage_tracker.go:117.61,123.2 4 1
github.com/yurika0211/luckyharness/internal/tool/usage_tracker.go:126.64,131.36 4 1
github.com/yurika0211/luckyharness/internal/tool/usage_tracker.go:131.36,133.38 1 1
github.com/yurika0211/luckyharness/internal/tool/usage_tracker.go:133.38,135.24 2 0
github.com/yurika0211/luckyharness/internal/tool/usage_tracker.go:136.18,137.46 1 0
github.com/yurika0211/luckyharness/internal/tool/usage_tracker.go:138.17,139.48 1 0
github.com/yurika0211/luckyharness/internal/tool/usage_tracker.go:140.19,141.48 1 0
github.com/yurika0211/luckyharness/internal/tool/usage_tracker.go:144.3,144.15 1 1
github.com/yurika0211/luckyharness/internal/tool/usage_tracker.go:149.69,154.9 4 1
github.com/yurika0211/luckyharness/internal/tool/usage_tracker.go:154.9,156.3 1 0
github.com/yurika0211/luckyharness/internal/tool/usage_tracker.go:158.2,162.28 4 1
github.com/yurika0211/luckyharness/internal/tool/usage_tracker.go:162.28,163.29 1 1
github.com/yurika0211/luckyharness/internal/tool/usage_tracker.go:163.29,164.12 1 0
github.com/yurika0211/luckyharness/internal/tool/usage_tracker.go:166.3,167.16 2 1
github.com/yurika0211/luckyharness/internal/tool/usage_tracker.go:167.16,169.4 1 1
github.com/yurika0211/luckyharness/internal/tool/usage_tracker.go:169.9,171.4 1 1
github.com/yurika0211/luckyharness/internal/tool/usage_tracker.go:172.3,173.40 2 1
github.com/yurika0211/luckyharness/internal/tool/usage_tracker.go:173.40,175.4 1 1
github.com/yurika0211/luckyharness/internal/tool/usage_tracker.go:178.2,178.26 1 1
github.com/yurika0211/luckyharness/internal/tool/usage_tracker.go:178.26,180.3 1 1
github.com/yurika0211/luckyharness/internal/tool/usage_tracker.go:182.2,182.14 1 1
github.com/yurika0211/luckyharness/internal/tool/usage_tracker.go:186.64,191.9 4 1
github.com/yurika0211/luckyharness/internal/tool/usage_tracker.go:191.9,193.3 1 0
github.com/yurika0211/luckyharness/internal/tool/usage_tracker.go:196.2,197.28 2 1
github.com/yurika0211/luckyharness/internal/tool/usage_tracker.go:197.28,199.14 2 1
github.com/yurika0211/luckyharness/internal/tool/usage_tracker.go:199.14,202.4 2 1
github.com/yurika0211/luckyharness/internal/tool/usage_tracker.go:203.3,204.16 2 1
github.com/yurika0211/luckyharness/internal/tool/usage_tracker.go:204.16,206.4 1 1
github.com/yurika0211/luckyharness/internal/tool/usage_tracker.go:206.9,208.4 1 0
github.com/yurika0211/luckyharness/internal/tool/usage_tracker.go:209.3,210.40 2 1
github.com/yurika0211/luckyharness/internal/tool/usage_tracker.go:210.40,212.4 1 1
github.com/yurika0211/luckyharness/internal/tool/usage_tracker.go:215.2,216.32 2 1
github.com/yurika0211/luckyharness/internal/tool/usage_tracker.go:216.32,217.27 1 1
github.com/yurika0211/luckyharness/internal/tool/usage_tracker.go:217.27,219.4 1 1
github.com/yurika0211/luckyharness/internal/tool/usage_tracker.go:220.3,220.34 1 1
github.com/yurika0211/luckyharness/internal/tool/usage_tracker.go:223.2,223.41 1 1
github.com/yurika0211/luckyharness/internal/tool/usage_tracker.go:223.41,225.3 1 1
github.com/yurika0211/luckyharness/internal/tool/usage_tracker.go:227.2,227.15 1 1
github.com/yurika0211/luckyharness/internal/tool/usage_tracker.go:231.65,236.32 4 1
github.com/yurika0211/luckyharness/internal/tool/usage_tracker.go:236.32,239.3 2 1
github.com/yurika0211/luckyharness/internal/tool/usage_tracker.go:240.2,240.12 1 1
github.com/yurika0211/luckyharness/internal/tool/usage_tracker.go:244.58,249.31 4 1
github.com/yurika0211/luckyharness/internal/tool/usage_tracker.go:249.31,250.41 1 1
github.com/yurika0211/luckyharness/internal/tool/usage_tracker.go:250.41,252.4 1 1
github.com/yurika0211/luckyharness/internal/tool/usage_tracker.go:255.2,255.41 1 1
github.com/yurika0211/luckyharness/internal/tool/usage_tracker.go:255.41,257.3 1 1
github.com/yurika0211/luckyharness/internal/tool/usage_tracker.go:259.2,259.15 1 1
github.com/yurika0211/luckyharness/internal/tool/usage_tracker.go:274.37,276.22 2 1
github.com/yurika0211/luckyharness/internal/tool/usage_tracker.go:276.22,278.3 1 1
github.com/yurika0211/luckyharness/internal/tool/usage_tracker.go:279.2,281.41 1 1
