mode: set
github.com/yurika0211/luckyharness/internal/session/session.go:40.35,43.30 3 1
github.com/yurika0211/luckyharness/internal/session/session.go:43.30,45.3 1 1
github.com/yurika0211/luckyharness/internal/session/session.go:46.2,46.27 1 1
github.com/yurika0211/luckyharness/internal/session/session.go:50.38,55.2 4 1
github.com/yurika0211/luckyharness/internal/session/session.go:58.46,61.31 3 1
github.com/yurika0211/luckyharness/internal/session/session.go:61.31,63.3 1 1
github.com/yurika0211/luckyharness/internal/session/session.go:64.2,65.39 2 1
github.com/yurika0211/luckyharness/internal/session/session.go:65.39,67.3 1 1
github.com/yurika0211/luckyharness/internal/session/session.go:68.2,68.11 1 1
github.com/yurika0211/luckyharness/internal/session/session.go:72.45,75.31 3 1
github.com/yurika0211/luckyharness/internal/session/session.go:75.31,77.3 1 1
github.com/yurika0211/luckyharness/internal/session/session.go:78.2,79.26 2 1
github.com/yurika0211/luckyharness/internal/session/session.go:83.40,86.31 3 1
github.com/yurika0211/luckyharness/internal/session/session.go:86.31,88.3 1 1
github.com/yurika0211/luckyharness/internal/session/session.go:89.2,89.26 1 1
github.com/yurika0211/luckyharness/internal/session/session.go:93.42,102.2 2 1
github.com/yurika0211/luckyharness/internal/session/session.go:105.52,110.23 3 1
github.com/yurika0211/luckyharness/internal/session/session.go:110.23,113.3 2 1
github.com/yurika0211/luckyharness/internal/session/session.go:115.2,120.37 4 1
github.com/yurika0211/luckyharness/internal/session/session.go:120.37,122.22 2 1
github.com/yurika0211/luckyharness/internal/session/session.go:122.22,124.4 1 1
github.com/yurika0211/luckyharness/internal/session/session.go:125.3,125.18 1 1
github.com/yurika0211/luckyharness/internal/session/session.go:130.59,135.23 3 1
github.com/yurika0211/luckyharness/internal/session/session.go:135.23,138.3 2 1
github.com/yurika0211/luckyharness/internal/session/session.go:140.2,145.26 3 1
github.com/yurika0211/luckyharness/internal/session/session.go:150.67,152.41 1 1
github.com/yurika0211/luckyharness/internal/session/session.go:152.41,154.3 1 0
github.com/yurika0211/luckyharness/internal/session/session.go:156.2,159.26 3 1
github.com/yurika0211/luckyharness/internal/session/session.go:159.26,161.3 1 1
github.com/yurika0211/luckyharness/internal/session/session.go:164.2,164.44 1 1
github.com/yurika0211/luckyharness/internal/session/session.go:164.44,168.3 3 1
github.com/yurika0211/luckyharness/internal/session/session.go:170.2,173.31 3 0
github.com/yurika0211/luckyharness/internal/session/session.go:173.31,175.3 1 0
github.com/yurika0211/luckyharness/internal/session/session.go:177.2,179.52 2 0
github.com/yurika0211/luckyharness/internal/session/session.go:179.52,181.3 1 0
github.com/yurika0211/luckyharness/internal/session/session.go:183.2,185.11 3 0
github.com/yurika0211/luckyharness/internal/session/session.go:189.51,191.41 1 1
github.com/yurika0211/luckyharness/internal/session/session.go:191.41,193.3 1 0
github.com/yurika0211/luckyharness/internal/session/session.go:195.2,197.26 3 1
github.com/yurika0211/luckyharness/internal/session/session.go:197.26,199.3 1 1
github.com/yurika0211/luckyharness/internal/session/session.go:200.2,201.11 2 1
github.com/yurika0211/luckyharness/internal/session/session.go:205.38,208.22 3 1
github.com/yurika0211/luckyharness/internal/session/session.go:208.22,210.3 1 1
github.com/yurika0211/luckyharness/internal/session/session.go:211.2,211.23 1 1
github.com/yurika0211/luckyharness/internal/session/session.go:215.32,219.49 3 1
github.com/yurika0211/luckyharness/internal/session/session.go:219.49,221.3 1 0
github.com/yurika0211/luckyharness/internal/session/session.go:223.2,233.16 3 1
github.com/yurika0211/luckyharness/internal/session/session.go:233.16,235.3 1 0
github.com/yurika0211/luckyharness/internal/session/session.go:237.2,238.43 2 1
github.com/yurika0211/luckyharness/internal/session/session.go:278.47,279.47 1 1
github.com/yurika0211/luckyharness/internal/session/session.go:279.47,281.3 1 0
github.com/yurika0211/luckyharness/internal/session/session.go:283.2,289.41 2 1
github.com/yurika0211/luckyharness/internal/session/session.go:289.41,292.3 1 0
github.com/yurika0211/luckyharness/internal/session/session.go:294.2,294.15 1 1
github.com/yurika0211/luckyharness/internal/session/session.go:298.40,300.16 2 1
github.com/yurika0211/luckyharness/internal/session/session.go:300.16,301.25 1 0
github.com/yurika0211/luckyharness/internal/session/session.go:301.25,303.4 1 0
github.com/yurika0211/luckyharness/internal/session/session.go:304.3,304.50 1 0
github.com/yurika0211/luckyharness/internal/session/session.go:307.2,307.32 1 1
github.com/yurika0211/luckyharness/internal/session/session.go:307.32,308.65 1 1
github.com/yurika0211/luckyharness/internal/session/session.go:308.65,309.12 1 0
github.com/yurika0211/luckyharness/internal/session/session.go:312.3,314.17 3 1
github.com/yurika0211/luckyharness/internal/session/session.go:314.17,315.12 1 0
github.com/yurika0211/luckyharness/internal/session/session.go:318.3,319.51 2 1
github.com/yurika0211/luckyharness/internal/session/session.go:319.51,320.12 1 0
github.com/yurika0211/luckyharness/internal/session/session.go:323.3,334.23 2 1
github.com/yurika0211/luckyharness/internal/session/session.go:337.2,337.12 1 1
github.com/yurika0211/luckyharness/internal/session/session.go:341.40,345.22 3 1
github.com/yurika0211/luckyharness/internal/session/session.go:345.22,347.3 1 1
github.com/yurika0211/luckyharness/internal/session/session.go:349.2,351.16 3 1
github.com/yurika0211/luckyharness/internal/session/session.go:351.16,356.3 3 1
github.com/yurika0211/luckyharness/internal/session/session.go:358.2,359.50 2 1
github.com/yurika0211/luckyharness/internal/session/session.go:359.50,363.3 3 0
github.com/yurika0211/luckyharness/internal/session/session.go:365.2,366.23 2 1
github.com/yurika0211/luckyharness/internal/session/session.go:366.23,368.3 1 0
github.com/yurika0211/luckyharness/internal/session/session.go:369.2,370.12 2 1
github.com/yurika0211/luckyharness/internal/session/session.go:374.34,384.2 8 1
github.com/yurika0211/luckyharness/internal/session/session.go:387.55,393.2 5 1
github.com/yurika0211/luckyharness/internal/session/session.go:396.51,401.2 4 1
github.com/yurika0211/luckyharness/internal/session/session.go:404.37,408.31 4 1
github.com/yurika0211/luckyharness/internal/session/session.go:408.31,410.3 1 1
github.com/yurika0211/luckyharness/internal/session/session.go:411.2,411.17 1 1
github.com/yurika0211/luckyharness/internal/session/session.go:415.44,420.31 4 1
github.com/yurika0211/luckyharness/internal/session/session.go:420.31,430.3 3 1
github.com/yurika0211/luckyharness/internal/session/session.go:432.2,432.40 1 1
github.com/yurika0211/luckyharness/internal/session/session.go:432.40,434.3 1 1
github.com/yurika0211/luckyharness/internal/session/session.go:436.2,436.14 1 1
github.com/yurika0211/luckyharness/internal/session/session.go:440.54,447.31 5 1
github.com/yurika0211/luckyharness/internal/session/session.go:447.31,450.61 2 1
github.com/yurika0211/luckyharness/internal/session/session.go:450.61,459.12 3 1
github.com/yurika0211/luckyharness/internal/session/session.go:463.3,463.34 1 1
github.com/yurika0211/luckyharness/internal/session/session.go:463.34,464.66 1 1
github.com/yurika0211/luckyharness/internal/session/session.go:464.66,472.10 2 1
github.com/yurika0211/luckyharness/internal/session/session.go:475.3,475.17 1 1
github.com/yurika0211/luckyharness/internal/session/session.go:478.2,478.42 1 1
github.com/yurika0211/luckyharness/internal/session/session.go:478.42,480.3 1 1
github.com/yurika0211/luckyharness/internal/session/session.go:482.2,482.16 1 1
github.com/yurika0211/luckyharness/internal/session/session.go:486.43,491.9 4 1
github.com/yurika0211/luckyharness/internal/session/session.go:491.9,493.3 1 1
github.com/yurika0211/luckyharness/internal/session/session.go:496.2,500.12 4 1
github.com/yurika0211/luckyharness/internal/session/session.go:504.35,509.31 4 1
github.com/yurika0211/luckyharness/internal/session/session.go:509.31,510.34 1 1
github.com/yurika0211/luckyharness/internal/session/session.go:510.34,512.4 1 0
github.com/yurika0211/luckyharness/internal/session/session.go:514.2,514.19 1 1
github.com/yurika0211/luckyharness/internal/session/session.go:514.19,516.3 1 0
github.com/yurika0211/luckyharness/internal/session/session.go:517.2,517.12 1 1
github.com/yurika0211/luckyharness/internal/session/session.go:521.31,525.2 3 1
