mode: set
github.com/yurika0211/luckyharness/internal/gateway/telegram/adapter.go:39.38,40.28 1 1
github.com/yurika0211/luckyharness/internal/gateway/telegram/adapter.go:40.28,42.3 1 1
github.com/yurika0211/luckyharness/internal/gateway/telegram/adapter.go:43.2,43.24 1 1
github.com/yurika0211/luckyharness/internal/gateway/telegram/adapter.go:43.24,45.3 1 1
github.com/yurika0211/luckyharness/internal/gateway/telegram/adapter.go:46.2,46.26 1 1
github.com/yurika0211/luckyharness/internal/gateway/telegram/adapter.go:46.26,48.3 1 1
github.com/yurika0211/luckyharness/internal/gateway/telegram/adapter.go:50.2,53.3 1 1
github.com/yurika0211/luckyharness/internal/gateway/telegram/adapter.go:57.33,59.2 1 1
github.com/yurika0211/luckyharness/internal/gateway/telegram/adapter.go:62.62,66.2 3 1
github.com/yurika0211/luckyharness/internal/gateway/telegram/adapter.go:69.52,70.23 1 1
github.com/yurika0211/luckyharness/internal/gateway/telegram/adapter.go:70.23,72.3 1 1
github.com/yurika0211/luckyharness/internal/gateway/telegram/adapter.go:74.2,75.16 2 0
github.com/yurika0211/luckyharness/internal/gateway/telegram/adapter.go:75.16,77.3 1 0
github.com/yurika0211/luckyharness/internal/gateway/telegram/adapter.go:79.2,90.12 7 0
github.com/yurika0211/luckyharness/internal/gateway/telegram/adapter.go:94.32,95.21 1 1
github.com/yurika0211/luckyharness/internal/gateway/telegram/adapter.go:95.21,97.3 1 0
github.com/yurika0211/luckyharness/internal/gateway/telegram/adapter.go:98.2,99.12 2 1
github.com/yurika0211/luckyharness/internal/gateway/telegram/adapter.go:103.82,104.32 1 1
github.com/yurika0211/luckyharness/internal/gateway/telegram/adapter.go:104.32,106.3 1 1
github.com/yurika0211/luckyharness/internal/gateway/telegram/adapter.go:108.2,110.16 3 0
github.com/yurika0211/luckyharness/internal/gateway/telegram/adapter.go:110.16,112.3 1 0
github.com/yurika0211/luckyharness/internal/gateway/telegram/adapter.go:114.2,114.31 1 0
github.com/yurika0211/luckyharness/internal/gateway/telegram/adapter.go:114.31,115.63 1 0
github.com/yurika0211/luckyharness/internal/gateway/telegram/adapter.go:115.63,117.4 1 0
github.com/yurika0211/luckyharness/internal/gateway/telegram/adapter.go:119.3,119.26 1 0
github.com/yurika0211/luckyharness/internal/gateway/telegram/adapter.go:122.2,122.12 1 0
github.com/yurika0211/luckyharness/internal/gateway/telegram/adapter.go:126.112,127.32 1 1
github.com/yurika0211/luckyharness/internal/gateway/telegram/adapter.go:127.32,129.3 1 1
github.com/yurika0211/luckyharness/internal/gateway/telegram/adapter.go:131.2,133.16 3 0
github.com/yurika0211/luckyharness/internal/gateway/telegram/adapter.go:133.16,135.3 1 0
github.com/yurika0211/luckyharness/internal/gateway/telegram/adapter.go:137.2,138.16 2 0
github.com/yurika0211/luckyharness/internal/gateway/telegram/adapter.go:138.16,140.3 1 0
github.com/yurika0211/luckyharness/internal/gateway/telegram/adapter.go:142.2,142.31 1 0
github.com/yurika0211/luckyharness/internal/gateway/telegram/adapter.go:142.31,144.13 2 0
github.com/yurika0211/luckyharness/internal/gateway/telegram/adapter.go:144.13,146.4 1 0
github.com/yurika0211/luckyharness/internal/gateway/telegram/adapter.go:147.3,147.69 1 0
github.com/yurika0211/luckyharness/internal/gateway/telegram/adapter.go:147.69,149.4 1 0
github.com/yurika0211/luckyharness/internal/gateway/telegram/adapter.go:150.3,150.26 1 0
github.com/yurika0211/luckyharness/internal/gateway/telegram/adapter.go:153.2,153.12 1 0
github.com/yurika0211/luckyharness/internal/gateway/telegram/adapter.go:157.36,159.2 1 1
github.com/yurika0211/luckyharness/internal/gateway/telegram/adapter.go:163.70,164.18 1 0
github.com/yurika0211/luckyharness/internal/gateway/telegram/adapter.go:164.18,166.3 1 0
github.com/yurika0211/luckyharness/internal/gateway/telegram/adapter.go:167.2,168.16 2 0
github.com/yurika0211/luckyharness/internal/gateway/telegram/adapter.go:168.16,170.3 1 0
github.com/yurika0211/luckyharness/internal/gateway/telegram/adapter.go:172.2,178.6 4 0
github.com/yurika0211/luckyharness/internal/gateway/telegram/adapter.go:178.6,179.10 1 0
github.com/yurika0211/luckyharness/internal/gateway/telegram/adapter.go:180.21,181.10 1 0
github.com/yurika0211/luckyharness/internal/gateway/telegram/adapter.go:182.19,183.31 1 0
github.com/yurika0211/luckyharness/internal/gateway/telegram/adapter.go:189.48,192.2 2 0
github.com/yurika0211/luckyharness/internal/gateway/telegram/adapter.go:196.81,197.18 1 0
github.com/yurika0211/luckyharness/internal/gateway/telegram/adapter.go:197.18,199.3 1 0
github.com/yurika0211/luckyharness/internal/gateway/telegram/adapter.go:201.2,202.16 2 0
github.com/yurika0211/luckyharness/internal/gateway/telegram/adapter.go:202.16,204.3 1 0
github.com/yurika0211/luckyharness/internal/gateway/telegram/adapter.go:205.2,206.16 2 0
github.com/yurika0211/luckyharness/internal/gateway/telegram/adapter.go:206.16,208.3 1 0
github.com/yurika0211/luckyharness/internal/gateway/telegram/adapter.go:211.2,211.57 1 0
github.com/yurika0211/luckyharness/internal/gateway/telegram/adapter.go:215.85,224.16 4 0
github.com/yurika0211/luckyharness/internal/gateway/telegram/adapter.go:224.16,226.3 1 0
github.com/yurika0211/luckyharness/internal/gateway/telegram/adapter.go:227.2,230.10 2 0
github.com/yurika0211/luckyharness/internal/gateway/telegram/adapter.go:234.85,237.16 3 0
github.com/yurika0211/luckyharness/internal/gateway/telegram/adapter.go:237.16,239.3 1 0
github.com/yurika0211/luckyharness/internal/gateway/telegram/adapter.go:240.2,243.48 3 0
github.com/yurika0211/luckyharness/internal/gateway/telegram/adapter.go:243.48,245.3 1 0
github.com/yurika0211/luckyharness/internal/gateway/telegram/adapter.go:246.2,246.18 1 0
github.com/yurika0211/luckyharness/internal/gateway/telegram/adapter.go:251.117,252.32 1 0
github.com/yurika0211/luckyharness/internal/gateway/telegram/adapter.go:252.32,254.3 1 0
github.com/yurika0211/luckyharness/internal/gateway/telegram/adapter.go:256.2,257.16 2 0
github.com/yurika0211/luckyharness/internal/gateway/telegram/adapter.go:257.16,259.3 1 0
github.com/yurika0211/luckyharness/internal/gateway/telegram/adapter.go:261.2,262.24 2 0
github.com/yurika0211/luckyharness/internal/gateway/telegram/adapter.go:262.24,264.3 1 0
github.com/yurika0211/luckyharness/internal/gateway/telegram/adapter.go:267.2,269.19 3 0
github.com/yurika0211/luckyharness/internal/gateway/telegram/adapter.go:269.19,271.3 1 0
github.com/yurika0211/luckyharness/internal/gateway/telegram/adapter.go:273.2,274.16 2 0
github.com/yurika0211/luckyharness/internal/gateway/telegram/adapter.go:274.16,276.3 1 0
github.com/yurika0211/luckyharness/internal/gateway/telegram/adapter.go:278.2,287.8 1 0
github.com/yurika0211/luckyharness/internal/gateway/telegram/adapter.go:311.61,315.16 3 1
github.com/yurika0211/luckyharness/internal/gateway/telegram/adapter.go:315.16,317.3 1 1
github.com/yurika0211/luckyharness/internal/gateway/telegram/adapter.go:319.2,322.26 3 1
github.com/yurika0211/luckyharness/internal/gateway/telegram/adapter.go:325.64,329.16 3 1
github.com/yurika0211/luckyharness/internal/gateway/telegram/adapter.go:329.16,331.3 1 1
github.com/yurika0211/luckyharness/internal/gateway/telegram/adapter.go:333.2,334.26 2 1
github.com/yurika0211/luckyharness/internal/gateway/telegram/adapter.go:337.69,341.16 3 1
github.com/yurika0211/luckyharness/internal/gateway/telegram/adapter.go:341.16,343.3 1 0
github.com/yurika0211/luckyharness/internal/gateway/telegram/adapter.go:346.2,347.25 2 1
github.com/yurika0211/luckyharness/internal/gateway/telegram/adapter.go:347.25,349.3 1 1
github.com/yurika0211/luckyharness/internal/gateway/telegram/adapter.go:350.2,351.26 2 1
github.com/yurika0211/luckyharness/internal/gateway/telegram/adapter.go:354.64,358.16 3 1
github.com/yurika0211/luckyharness/internal/gateway/telegram/adapter.go:358.16,360.3 1 1
github.com/yurika0211/luckyharness/internal/gateway/telegram/adapter.go:362.2,364.26 3 1
github.com/yurika0211/luckyharness/internal/gateway/telegram/adapter.go:367.47,371.16 3 1
github.com/yurika0211/luckyharness/internal/gateway/telegram/adapter.go:371.16,373.3 1 1
github.com/yurika0211/luckyharness/internal/gateway/telegram/adapter.go:374.2,379.31 4 1
github.com/yurika0211/luckyharness/internal/gateway/telegram/adapter.go:382.51,384.2 1 1
github.com/yurika0211/luckyharness/internal/gateway/telegram/adapter.go:387.54,389.29 1 1
github.com/yurika0211/luckyharness/internal/gateway/telegram/adapter.go:389.29,391.3 1 1
github.com/yurika0211/luckyharness/internal/gateway/telegram/adapter.go:394.2,394.46 1 1
github.com/yurika0211/luckyharness/internal/gateway/telegram/adapter.go:394.46,396.3 1 1
github.com/yurika0211/luckyharness/internal/gateway/telegram/adapter.go:398.2,399.31 2 1
github.com/yurika0211/luckyharness/internal/gateway/telegram/adapter.go:403.55,407.22 2 1
github.com/yurika0211/luckyharness/internal/gateway/telegram/adapter.go:407.22,410.3 2 1
github.com/yurika0211/luckyharness/internal/gateway/telegram/adapter.go:413.2,413.21 1 1
github.com/yurika0211/luckyharness/internal/gateway/telegram/adapter.go:413.21,417.23 3 1
github.com/yurika0211/luckyharness/internal/gateway/telegram/adapter.go:417.23,419.4 1 0
github.com/yurika0211/luckyharness/internal/gateway/telegram/adapter.go:420.3,420.28 1 1
github.com/yurika0211/luckyharness/internal/gateway/telegram/adapter.go:420.28,422.4 1 1
github.com/yurika0211/luckyharness/internal/gateway/telegram/adapter.go:423.3,423.26 1 1
github.com/yurika0211/luckyharness/internal/gateway/telegram/adapter.go:427.2,427.41 1 1
github.com/yurika0211/luckyharness/internal/gateway/telegram/adapter.go:427.41,429.3 1 1
github.com/yurika0211/luckyharness/internal/gateway/telegram/adapter.go:431.2,431.20 1 1
github.com/yurika0211/luckyharness/internal/gateway/telegram/adapter.go:435.63,436.26 1 1
github.com/yurika0211/luckyharness/internal/gateway/telegram/adapter.go:436.26,438.3 1 1
github.com/yurika0211/luckyharness/internal/gateway/telegram/adapter.go:440.2,445.16 4 0
github.com/yurika0211/luckyharness/internal/gateway/telegram/adapter.go:445.16,448.3 1 0
github.com/yurika0211/luckyharness/internal/gateway/telegram/adapter.go:450.2,452.12 3 0
github.com/yurika0211/luckyharness/internal/gateway/telegram/adapter.go:456.45,462.6 4 0
github.com/yurika0211/luckyharness/internal/gateway/telegram/adapter.go:462.6,463.10 1 0
github.com/yurika0211/luckyharness/internal/gateway/telegram/adapter.go:464.21,465.10 1 0
github.com/yurika0211/luckyharness/internal/gateway/telegram/adapter.go:466.28,468.29 1 0
github.com/yurika0211/luckyharness/internal/gateway/telegram/adapter.go:468.29,469.13 1 0
github.com/yurika0211/luckyharness/internal/gateway/telegram/adapter.go:471.4,471.32 1 0
github.com/yurika0211/luckyharness/internal/gateway/telegram/adapter.go:477.78,479.18 2 0
github.com/yurika0211/luckyharness/internal/gateway/telegram/adapter.go:479.18,481.3 1 0
github.com/yurika0211/luckyharness/internal/gateway/telegram/adapter.go:483.2,485.63 2 0
github.com/yurika0211/luckyharness/internal/gateway/telegram/adapter.go:485.63,486.28 1 0
github.com/yurika0211/luckyharness/internal/gateway/telegram/adapter.go:486.28,488.5 1 0
github.com/yurika0211/luckyharness/internal/gateway/telegram/adapter.go:489.4,489.21 1 0
github.com/yurika0211/luckyharness/internal/gateway/telegram/adapter.go:493.2,493.34 1 0
github.com/yurika0211/luckyharness/internal/gateway/telegram/adapter.go:493.34,495.3 1 0
github.com/yurika0211/luckyharness/internal/gateway/telegram/adapter.go:497.2,500.42 2 0
github.com/yurika0211/luckyharness/internal/gateway/telegram/adapter.go:500.42,505.32 4 0
github.com/yurika0211/luckyharness/internal/gateway/telegram/adapter.go:505.32,507.4 1 0
github.com/yurika0211/luckyharness/internal/gateway/telegram/adapter.go:509.3,509.26 1 0
github.com/yurika0211/luckyharness/internal/gateway/telegram/adapter.go:509.26,513.4 3 0
github.com/yurika0211/luckyharness/internal/gateway/telegram/adapter.go:515.3,517.31 3 0
github.com/yurika0211/luckyharness/internal/gateway/telegram/adapter.go:517.31,519.4 1 0
github.com/yurika0211/luckyharness/internal/gateway/telegram/adapter.go:522.2,526.20 4 0
github.com/yurika0211/luckyharness/internal/gateway/telegram/adapter.go:526.20,527.43 1 0
github.com/yurika0211/luckyharness/internal/gateway/telegram/adapter.go:527.43,529.4 1 0
github.com/yurika0211/luckyharness/internal/gateway/telegram/adapter.go:534.76,536.25 2 0
github.com/yurika0211/luckyharness/internal/gateway/telegram/adapter.go:537.15,538.31 1 0
github.com/yurika0211/luckyharness/internal/gateway/telegram/adapter.go:539.20,540.36 1 0
github.com/yurika0211/luckyharness/internal/gateway/telegram/adapter.go:541.17,542.33 1 0
github.com/yurika0211/luckyharness/internal/gateway/telegram/adapter.go:545.2,567.48 3 0
github.com/yurika0211/luckyharness/internal/gateway/telegram/adapter.go:567.48,569.39 2 0
github.com/yurika0211/luckyharness/internal/gateway/telegram/adapter.go:569.39,570.20 1 0
github.com/yurika0211/luckyharness/internal/gateway/telegram/adapter.go:571.33,572.59 1 0
github.com/yurika0211/luckyharness/internal/gateway/telegram/adapter.go:573.33,574.59 1 0
github.com/yurika0211/luckyharness/internal/gateway/telegram/adapter.go:575.33,576.59 1 0
github.com/yurika0211/luckyharness/internal/gateway/telegram/adapter.go:577.36,578.84 1 0
github.com/yurika0211/luckyharness/internal/gateway/telegram/adapter.go:581.3,581.38 1 0
github.com/yurika0211/luckyharness/internal/gateway/telegram/adapter.go:585.2,585.23 1 0
github.com/yurika0211/luckyharness/internal/gateway/telegram/adapter.go:585.23,589.3 3 0
github.com/yurika0211/luckyharness/internal/gateway/telegram/adapter.go:592.2,592.33 1 0
github.com/yurika0211/luckyharness/internal/gateway/telegram/adapter.go:592.33,595.3 2 0
github.com/yurika0211/luckyharness/internal/gateway/telegram/adapter.go:597.2,597.12 1 0
github.com/yurika0211/luckyharness/internal/gateway/telegram/adapter.go:601.85,602.18 1 0
github.com/yurika0211/luckyharness/internal/gateway/telegram/adapter.go:602.18,604.3 1 0
github.com/yurika0211/luckyharness/internal/gateway/telegram/adapter.go:607.2,607.48 1 0
github.com/yurika0211/luckyharness/internal/gateway/telegram/adapter.go:607.48,618.67 3 0
github.com/yurika0211/luckyharness/internal/gateway/telegram/adapter.go:618.67,620.4 1 0
github.com/yurika0211/luckyharness/internal/gateway/telegram/adapter.go:621.3,621.49 1 0
github.com/yurika0211/luckyharness/internal/gateway/telegram/adapter.go:625.2,625.24 1 0
github.com/yurika0211/luckyharness/internal/gateway/telegram/adapter.go:625.24,633.73 2 0
github.com/yurika0211/luckyharness/internal/gateway/telegram/adapter.go:633.73,635.4 1 0
github.com/yurika0211/luckyharness/internal/gateway/telegram/adapter.go:636.3,636.49 1 0
github.com/yurika0211/luckyharness/internal/gateway/telegram/adapter.go:640.2,640.24 1 0
github.com/yurika0211/luckyharness/internal/gateway/telegram/adapter.go:640.24,648.73 2 0
github.com/yurika0211/luckyharness/internal/gateway/telegram/adapter.go:648.73,650.4 1 0
github.com/yurika0211/luckyharness/internal/gateway/telegram/adapter.go:651.3,651.49 1 0
github.com/yurika0211/luckyharness/internal/gateway/telegram/adapter.go:655.2,655.24 1 0
github.com/yurika0211/luckyharness/internal/gateway/telegram/adapter.go:655.24,663.73 2 0
github.com/yurika0211/luckyharness/internal/gateway/telegram/adapter.go:663.73,665.4 1 0
github.com/yurika0211/luckyharness/internal/gateway/telegram/adapter.go:666.3,666.49 1 0
github.com/yurika0211/luckyharness/internal/gateway/telegram/adapter.go:670.2,670.27 1 0
github.com/yurika0211/luckyharness/internal/gateway/telegram/adapter.go:670.27,678.76 2 0
github.com/yurika0211/luckyharness/internal/gateway/telegram/adapter.go:678.76,680.4 1 0
github.com/yurika0211/luckyharness/internal/gateway/telegram/adapter.go:681.3,681.49 1 0
github.com/yurika0211/luckyharness/internal/gateway/telegram/adapter.go:686.61,687.25 1 0
github.com/yurika0211/luckyharness/internal/gateway/telegram/adapter.go:687.25,689.3 1 0
github.com/yurika0211/luckyharness/internal/gateway/telegram/adapter.go:692.2,692.53 1 0
github.com/yurika0211/luckyharness/internal/gateway/telegram/adapter.go:692.53,694.3 1 0
github.com/yurika0211/luckyharness/internal/gateway/telegram/adapter.go:697.2,697.40 1 0
github.com/yurika0211/luckyharness/internal/gateway/telegram/adapter.go:697.40,698.22 1 0
github.com/yurika0211/luckyharness/internal/gateway/telegram/adapter.go:699.18,701.36 2 0
github.com/yurika0211/luckyharness/internal/gateway/telegram/adapter.go:701.36,703.5 1 0
github.com/yurika0211/luckyharness/internal/gateway/telegram/adapter.go:704.23,706.67 1 0
github.com/yurika0211/luckyharness/internal/gateway/telegram/adapter.go:706.67,708.5 1 0
github.com/yurika0211/luckyharness/internal/gateway/telegram/adapter.go:712.2,712.14 1 0
github.com/yurika0211/luckyharness/internal/gateway/telegram/adapter.go:716.62,717.33 1 0
github.com/yurika0211/luckyharness/internal/gateway/telegram/adapter.go:717.33,719.3 1 0
github.com/yurika0211/luckyharness/internal/gateway/telegram/adapter.go:721.2,721.76 1 0
github.com/yurika0211/luckyharness/internal/gateway/telegram/adapter.go:725.43,727.29 2 1
github.com/yurika0211/luckyharness/internal/gateway/telegram/adapter.go:727.29,729.3 1 1
github.com/yurika0211/luckyharness/internal/gateway/telegram/adapter.go:730.2,730.13 1 1
github.com/yurika0211/luckyharness/internal/gateway/telegram/adapter.go:734.94,736.17 2 0
github.com/yurika0211/luckyharness/internal/gateway/telegram/adapter.go:736.17,738.3 1 0
github.com/yurika0211/luckyharness/internal/gateway/telegram/adapter.go:739.2,743.16 4 0
github.com/yurika0211/luckyharness/internal/gateway/telegram/adapter.go:743.16,748.17 4 0
github.com/yurika0211/luckyharness/internal/gateway/telegram/adapter.go:748.17,750.4 1 0
github.com/yurika0211/luckyharness/internal/gateway/telegram/adapter.go:753.2,753.12 1 0
github.com/yurika0211/luckyharness/internal/gateway/telegram/adapter.go:757.57,759.19 2 1
github.com/yurika0211/luckyharness/internal/gateway/telegram/adapter.go:759.19,761.3 1 1
github.com/yurika0211/luckyharness/internal/gateway/telegram/adapter.go:763.2,763.28 1 1
github.com/yurika0211/luckyharness/internal/gateway/telegram/adapter.go:763.28,765.3 1 1
github.com/yurika0211/luckyharness/internal/gateway/telegram/adapter.go:767.2,768.23 2 1
github.com/yurika0211/luckyharness/internal/gateway/telegram/adapter.go:768.23,770.30 2 1
github.com/yurika0211/luckyharness/internal/gateway/telegram/adapter.go:770.30,772.4 1 1
github.com/yurika0211/luckyharness/internal/gateway/telegram/adapter.go:774.3,777.30 2 1
github.com/yurika0211/luckyharness/internal/gateway/telegram/adapter.go:777.30,778.54 1 1
github.com/yurika0211/luckyharness/internal/gateway/telegram/adapter.go:778.54,781.5 2 1
github.com/yurika0211/luckyharness/internal/gateway/telegram/adapter.go:784.3,785.31 2 1
github.com/yurika0211/luckyharness/internal/gateway/telegram/adapter.go:788.2,788.15 1 1
github.com/yurika0211/luckyharness/internal/gateway/telegram/adapter.go:792.48,795.13 3 0
github.com/yurika0211/luckyharness/internal/gateway/telegram/adapter.go:795.13,798.3 2 0
github.com/yurika0211/luckyharness/internal/gateway/telegram/adapter.go:799.2,803.27 4 0
github.com/yurika0211/luckyharness/internal/gateway/telegram/adapter.go:803.27,805.3 1 0
github.com/yurika0211/luckyharness/internal/gateway/telegram/adapter.go:807.2,807.30 1 0
github.com/yurika0211/luckyharness/internal/gateway/telegram/config.go:14.29,20.2 1 1
github.com/yurika0211/luckyharness/internal/gateway/telegram/config.go:23.51,24.30 1 1
github.com/yurika0211/luckyharness/internal/gateway/telegram/config.go:24.30,26.3 1 1
github.com/yurika0211/luckyharness/internal/gateway/telegram/config.go:27.2,27.36 1 1
github.com/yurika0211/luckyharness/internal/gateway/telegram/config.go:27.36,28.19 1 1
github.com/yurika0211/luckyharness/internal/gateway/telegram/config.go:28.19,30.4 1 1
github.com/yurika0211/luckyharness/internal/gateway/telegram/config.go:32.2,32.14 1 1
github.com/yurika0211/luckyharness/internal/gateway/telegram/config.go:36.45,37.32 1 1
github.com/yurika0211/luckyharness/internal/gateway/telegram/config.go:37.32,38.19 1 1
github.com/yurika0211/luckyharness/internal/gateway/telegram/config.go:38.19,40.4 1 1
github.com/yurika0211/luckyharness/internal/gateway/telegram/config.go:42.2,42.14 1 1
github.com/yurika0211/luckyharness/internal/gateway/telegram/handler.go:36.60,43.2 1 1
github.com/yurika0211/luckyharness/internal/gateway/telegram/handler.go:46.42,52.47 4 0
github.com/yurika0211/luckyharness/internal/gateway/telegram/handler.go:52.47,55.3 2 0
github.com/yurika0211/luckyharness/internal/gateway/telegram/handler.go:58.2,58.22 1 0
github.com/yurika0211/luckyharness/internal/gateway/telegram/handler.go:62.45,63.21 1 0
github.com/yurika0211/luckyharness/internal/gateway/telegram/handler.go:63.21,65.3 1 0
github.com/yurika0211/luckyharness/internal/gateway/telegram/handler.go:66.2,66.55 1 0
github.com/yurika0211/luckyharness/internal/gateway/telegram/handler.go:70.38,72.16 2 0
github.com/yurika0211/luckyharness/internal/gateway/telegram/handler.go:72.16,74.3 1 0
github.com/yurika0211/luckyharness/internal/gateway/telegram/handler.go:76.2,77.16 2 0
github.com/yurika0211/luckyharness/internal/gateway/telegram/handler.go:77.16,80.3 1 0
github.com/yurika0211/luckyharness/internal/gateway/telegram/handler.go:82.2,83.51 2 0
github.com/yurika0211/luckyharness/internal/gateway/telegram/handler.go:83.51,86.3 2 0
github.com/yurika0211/luckyharness/internal/gateway/telegram/handler.go:88.2,89.50 2 0
github.com/yurika0211/luckyharness/internal/gateway/telegram/handler.go:89.50,91.53 1 0
github.com/yurika0211/luckyharness/internal/gateway/telegram/handler.go:91.53,93.4 1 0
github.com/yurika0211/luckyharness/internal/gateway/telegram/handler.go:95.2,97.91 2 0
github.com/yurika0211/luckyharness/internal/gateway/telegram/handler.go:101.38,103.16 2 0
github.com/yurika0211/luckyharness/internal/gateway/telegram/handler.go:103.16,105.3 1 0
github.com/yurika0211/luckyharness/internal/gateway/telegram/handler.go:107.2,111.31 3 0
github.com/yurika0211/luckyharness/internal/gateway/telegram/handler.go:111.31,113.3 1 0
github.com/yurika0211/luckyharness/internal/gateway/telegram/handler.go:114.2,117.16 3 0
github.com/yurika0211/luckyharness/internal/gateway/telegram/handler.go:117.16,120.3 2 0
github.com/yurika0211/luckyharness/internal/gateway/telegram/handler.go:122.2,122.55 1 0
github.com/yurika0211/luckyharness/internal/gateway/telegram/handler.go:122.55,124.3 1 0
github.com/yurika0211/luckyharness/internal/gateway/telegram/handler.go:128.54,130.39 2 0
github.com/yurika0211/luckyharness/internal/gateway/telegram/handler.go:130.39,133.3 2 0
github.com/yurika0211/luckyharness/internal/gateway/telegram/handler.go:134.2,142.16 7 0
github.com/yurika0211/luckyharness/internal/gateway/telegram/handler.go:146.54,153.2 6 0
github.com/yurika0211/luckyharness/internal/gateway/telegram/handler.go:156.50,161.2 4 1
github.com/yurika0211/luckyharness/internal/gateway/telegram/handler.go:164.58,168.2 3 1
github.com/yurika0211/luckyharness/internal/gateway/telegram/handler.go:171.82,172.19 1 0
github.com/yurika0211/luckyharness/internal/gateway/telegram/handler.go:172.19,174.3 1 0
github.com/yurika0211/luckyharness/internal/gateway/telegram/handler.go:177.2,178.30 2 0
github.com/yurika0211/luckyharness/internal/gateway/telegram/handler.go:178.30,181.22 3 0
github.com/yurika0211/luckyharness/internal/gateway/telegram/handler.go:181.22,183.4 1 0
github.com/yurika0211/luckyharness/internal/gateway/telegram/handler.go:184.3,185.39 2 0
github.com/yurika0211/luckyharness/internal/gateway/telegram/handler.go:185.39,186.20 1 0
github.com/yurika0211/luckyharness/internal/gateway/telegram/handler.go:187.33,188.105 1 0
github.com/yurika0211/luckyharness/internal/gateway/telegram/handler.go:189.33,190.105 1 0
github.com/yurika0211/luckyharness/internal/gateway/telegram/handler.go:191.33,192.105 1 0
github.com/yurika0211/luckyharness/internal/gateway/telegram/handler.go:193.36,194.123 1 0
github.com/yurika0211/luckyharness/internal/gateway/telegram/handler.go:197.3,197.33 1 0
github.com/yurika0211/luckyharness/internal/gateway/telegram/handler.go:201.2,201.42 1 0
github.com/yurika0211/luckyharness/internal/gateway/telegram/handler.go:201.42,203.3 1 0
github.com/yurika0211/luckyharness/internal/gateway/telegram/handler.go:206.2,206.42 1 0
github.com/yurika0211/luckyharness/internal/gateway/telegram/handler.go:210.82,211.21 1 0
github.com/yurika0211/luckyharness/internal/gateway/telegram/handler.go:212.15,213.33 1 0
github.com/yurika0211/luckyharness/internal/gateway/telegram/handler.go:214.14,215.32 1 0
github.com/yurika0211/luckyharness/internal/gateway/telegram/handler.go:216.14,217.42 1 0
github.com/yurika0211/luckyharness/internal/gateway/telegram/handler.go:218.15,219.33 1 0
github.com/yurika0211/luckyharness/internal/gateway/telegram/handler.go:220.14,221.32 1 0
github.com/yurika0211/luckyharness/internal/gateway/telegram/handler.go:222.15,223.33 1 0
github.com/yurika0211/luckyharness/internal/gateway/telegram/handler.go:224.15,225.33 1 0
github.com/yurika0211/luckyharness/internal/gateway/telegram/handler.go:226.17,227.35 1 0
github.com/yurika0211/luckyharness/internal/gateway/telegram/handler.go:228.17,229.35 1 0
github.com/yurika0211/luckyharness/internal/gateway/telegram/handler.go:231.16,232.34 1 0
github.com/yurika0211/luckyharness/internal/gateway/telegram/handler.go:233.14,234.32 1 0
github.com/yurika0211/luckyharness/internal/gateway/telegram/handler.go:235.17,236.35 1 0
github.com/yurika0211/luckyharness/internal/gateway/telegram/handler.go:237.16,238.34 1 0
github.com/yurika0211/luckyharness/internal/gateway/telegram/handler.go:239.10,240.128 1 0
github.com/yurika0211/luckyharness/internal/gateway/telegram/handler.go:245.80,268.2 2 0
github.com/yurika0211/luckyharness/internal/gateway/telegram/handler.go:271.79,295.2 2 0
github.com/yurika0211/luckyharness/internal/gateway/telegram/handler.go:299.92,300.35 1 0
github.com/yurika0211/luckyharness/internal/gateway/telegram/handler.go:300.35,302.3 1 0
github.com/yurika0211/luckyharness/internal/gateway/telegram/handler.go:305.2,311.58 4 0
github.com/yurika0211/luckyharness/internal/gateway/telegram/handler.go:311.58,313.3 1 0
github.com/yurika0211/luckyharness/internal/gateway/telegram/handler.go:316.2,317.16 2 0
github.com/yurika0211/luckyharness/internal/gateway/telegram/handler.go:317.16,319.3 1 0
github.com/yurika0211/luckyharness/internal/gateway/telegram/handler.go:323.2,323.57 1 0
github.com/yurika0211/luckyharness/internal/gateway/telegram/handler.go:327.138,335.16 5 0
github.com/yurika0211/luckyharness/internal/gateway/telegram/handler.go:335.16,337.57 1 0
github.com/yurika0211/luckyharness/internal/gateway/telegram/handler.go:337.57,341.4 3 0
github.com/yurika0211/luckyharness/internal/gateway/telegram/handler.go:342.3,342.17 1 0
github.com/yurika0211/luckyharness/internal/gateway/telegram/handler.go:342.17,346.4 3 0
github.com/yurika0211/luckyharness/internal/gateway/telegram/handler.go:349.2,352.26 3 0
github.com/yurika0211/luckyharness/internal/gateway/telegram/handler.go:352.26,353.19 1 0
github.com/yurika0211/luckyharness/internal/gateway/telegram/handler.go:354.32,356.35 1 0
github.com/yurika0211/luckyharness/internal/gateway/telegram/handler.go:358.32,361.42 2 0
github.com/yurika0211/luckyharness/internal/gateway/telegram/handler.go:363.34,365.83 1 0
github.com/yurika0211/luckyharness/internal/gateway/telegram/handler.go:367.31,370.30 2 0
github.com/yurika0211/luckyharness/internal/gateway/telegram/handler.go:372.28,373.31 1 0
github.com/yurika0211/luckyharness/internal/gateway/telegram/handler.go:373.31,375.5 1 0
github.com/yurika0211/luckyharness/internal/gateway/telegram/handler.go:377.4,378.19 2 0
github.com/yurika0211/luckyharness/internal/gateway/telegram/handler.go:380.29,382.25 2 0
github.com/yurika0211/luckyharness/internal/gateway/telegram/handler.go:382.25,384.5 1 0
github.com/yurika0211/luckyharness/internal/gateway/telegram/handler.go:385.4,386.19 2 0
github.com/yurika0211/luckyharness/internal/gateway/telegram/handler.go:390.2,390.12 1 0
github.com/yurika0211/luckyharness/internal/gateway/telegram/handler.go:394.50,395.22 1 0
github.com/yurika0211/luckyharness/internal/gateway/telegram/handler.go:395.22,397.3 1 0
github.com/yurika0211/luckyharness/internal/gateway/telegram/handler.go:398.2,398.29 1 0
github.com/yurika0211/luckyharness/internal/gateway/telegram/handler.go:402.107,409.16 5 0
github.com/yurika0211/luckyharness/internal/gateway/telegram/handler.go:409.16,411.57 1 0
github.com/yurika0211/luckyharness/internal/gateway/telegram/handler.go:411.57,415.4 3 0
github.com/yurika0211/luckyharness/internal/gateway/telegram/handler.go:416.3,416.17 1 0
github.com/yurika0211/luckyharness/internal/gateway/telegram/handler.go:416.17,418.25 2 0
github.com/yurika0211/luckyharness/internal/gateway/telegram/handler.go:418.25,420.5 1 0
github.com/yurika0211/luckyharness/internal/gateway/telegram/handler.go:421.4,421.51 1 0
github.com/yurika0211/luckyharness/internal/gateway/telegram/handler.go:426.2,426.42 1 0
github.com/yurika0211/luckyharness/internal/gateway/telegram/handler.go:426.42,428.3 1 0
github.com/yurika0211/luckyharness/internal/gateway/telegram/handler.go:429.2,429.51 1 0
github.com/yurika0211/luckyharness/internal/gateway/telegram/handler.go:433.80,434.20 1 0
github.com/yurika0211/luckyharness/internal/gateway/telegram/handler.go:434.20,438.3 2 0
github.com/yurika0211/luckyharness/internal/gateway/telegram/handler.go:441.2,441.54 1 0
github.com/yurika0211/luckyharness/internal/gateway/telegram/handler.go:441.54,443.3 1 0
github.com/yurika0211/luckyharness/internal/gateway/telegram/handler.go:445.2,445.93 1 0
github.com/yurika0211/luckyharness/internal/gateway/telegram/handler.go:449.79,451.14 2 0
github.com/yurika0211/luckyharness/internal/gateway/telegram/handler.go:451.14,453.3 1 0
github.com/yurika0211/luckyharness/internal/gateway/telegram/handler.go:455.2,456.23 2 0
github.com/yurika0211/luckyharness/internal/gateway/telegram/handler.go:456.23,458.3 1 0
github.com/yurika0211/luckyharness/internal/gateway/telegram/handler.go:460.2,460.92 1 0
github.com/yurika0211/luckyharness/internal/gateway/telegram/handler.go:464.80,468.24 3 0
github.com/yurika0211/luckyharness/internal/gateway/telegram/handler.go:468.24,470.3 1 0
github.com/yurika0211/luckyharness/internal/gateway/telegram/handler.go:472.2,475.29 3 0
github.com/yurika0211/luckyharness/internal/gateway/telegram/handler.go:475.29,476.14 1 0
github.com/yurika0211/luckyharness/internal/gateway/telegram/handler.go:476.14,478.9 2 0
github.com/yurika0211/luckyharness/internal/gateway/telegram/handler.go:480.3,481.17 2 0
github.com/yurika0211/luckyharness/internal/gateway/telegram/handler.go:481.17,483.4 1 0
github.com/yurika0211/luckyharness/internal/gateway/telegram/handler.go:484.3,484.79 1 0
github.com/yurika0211/luckyharness/internal/gateway/telegram/handler.go:487.2,487.54 1 0
github.com/yurika0211/luckyharness/internal/gateway/telegram/handler.go:491.80,494.2 2 0
github.com/yurika0211/luckyharness/internal/gateway/telegram/handler.go:497.82,501.9 3 0
github.com/yurika0211/luckyharness/internal/gateway/telegram/handler.go:501.9,503.3 1 0
github.com/yurika0211/luckyharness/internal/gateway/telegram/handler.go:505.2,506.24 2 0
github.com/yurika0211/luckyharness/internal/gateway/telegram/handler.go:506.24,508.3 1 0
github.com/yurika0211/luckyharness/internal/gateway/telegram/handler.go:510.2,515.29 5 0
github.com/yurika0211/luckyharness/internal/gateway/telegram/handler.go:515.29,518.3 2 0
github.com/yurika0211/luckyharness/internal/gateway/telegram/handler.go:520.2,520.41 1 0
github.com/yurika0211/luckyharness/internal/gateway/telegram/handler.go:520.41,523.17 3 0
github.com/yurika0211/luckyharness/internal/gateway/telegram/handler.go:524.15,525.17 1 0
github.com/yurika0211/luckyharness/internal/gateway/telegram/handler.go:526.20,527.17 1 0
github.com/yurika0211/luckyharness/internal/gateway/telegram/handler.go:528.15,529.17 1 0
github.com/yurika0211/luckyharness/internal/gateway/telegram/handler.go:530.11,531.17 1 0
github.com/yurika0211/luckyharness/internal/gateway/telegram/handler.go:534.3,535.24 2 0
github.com/yurika0211/luckyharness/internal/gateway/telegram/handler.go:535.24,537.4 1 0
github.com/yurika0211/luckyharness/internal/gateway/telegram/handler.go:538.3,538.56 1 0
github.com/yurika0211/luckyharness/internal/gateway/telegram/handler.go:541.2,541.54 1 0
github.com/yurika0211/luckyharness/internal/gateway/telegram/handler.go:545.82,550.9 4 0
github.com/yurika0211/luckyharness/internal/gateway/telegram/handler.go:550.9,552.3 1 0
github.com/yurika0211/luckyharness/internal/gateway/telegram/handler.go:554.2,555.9 2 0
github.com/yurika0211/luckyharness/internal/gateway/telegram/handler.go:555.9,557.3 1 0
github.com/yurika0211/luckyharness/internal/gateway/telegram/handler.go:559.2,567.47 2 0
github.com/yurika0211/luckyharness/internal/gateway/telegram/handler.go:571.81,573.22 2 0
github.com/yurika0211/luckyharness/internal/gateway/telegram/handler.go:573.22,575.3 1 0
github.com/yurika0211/luckyharness/internal/gateway/telegram/handler.go:577.2,581.27 4 0
github.com/yurika0211/luckyharness/internal/gateway/telegram/handler.go:581.27,582.19 1 0
github.com/yurika0211/luckyharness/internal/gateway/telegram/handler.go:582.19,584.9 2 0
github.com/yurika0211/luckyharness/internal/gateway/telegram/handler.go:586.3,587.21 2 0
github.com/yurika0211/luckyharness/internal/gateway/telegram/handler.go:587.21,589.4 1 0
github.com/yurika0211/luckyharness/internal/gateway/telegram/handler.go:590.3,590.63 1 0
github.com/yurika0211/luckyharness/internal/gateway/telegram/handler.go:593.2,593.54 1 0
github.com/yurika0211/luckyharness/internal/gateway/telegram/handler.go:597.79,601.34 3 0
github.com/yurika0211/luckyharness/internal/gateway/telegram/handler.go:601.34,604.21 2 0
github.com/yurika0211/luckyharness/internal/gateway/telegram/handler.go:604.21,606.4 1 0
github.com/yurika0211/luckyharness/internal/gateway/telegram/handler.go:608.3,610.28 3 0
github.com/yurika0211/luckyharness/internal/gateway/telegram/handler.go:610.28,612.22 2 0
github.com/yurika0211/luckyharness/internal/gateway/telegram/handler.go:613.28,614.20 1 0
github.com/yurika0211/luckyharness/internal/gateway/telegram/handler.go:615.27,616.20 1 0
github.com/yurika0211/luckyharness/internal/gateway/telegram/handler.go:617.27,618.20 1 0
github.com/yurika0211/luckyharness/internal/gateway/telegram/handler.go:620.4,620.130 1 0
github.com/yurika0211/luckyharness/internal/gateway/telegram/handler.go:622.3,622.55 1 0
github.com/yurika0211/luckyharness/internal/gateway/telegram/handler.go:625.2,626.20 2 0
github.com/yurika0211/luckyharness/internal/gateway/telegram/handler.go:626.20,628.3 1 0
github.com/yurika0211/luckyharness/internal/gateway/telegram/handler.go:630.2,630.18 1 0
github.com/yurika0211/luckyharness/internal/gateway/telegram/handler.go:631.13,632.21 1 0
github.com/yurika0211/luckyharness/internal/gateway/telegram/handler.go:632.21,634.4 1 0
github.com/yurika0211/luckyharness/internal/gateway/telegram/handler.go:635.3,638.89 4 0
github.com/yurika0211/luckyharness/internal/gateway/telegram/handler.go:638.89,640.4 1 0
github.com/yurika0211/luckyharness/internal/gateway/telegram/handler.go:641.3,642.19 2 0
github.com/yurika0211/luckyharness/internal/gateway/telegram/handler.go:642.19,644.4 1 0
github.com/yurika0211/luckyharness/internal/gateway/telegram/handler.go:646.3,646.138 1 0
github.com/yurika0211/luckyharness/internal/gateway/telegram/handler.go:646.138,652.18 4 0
github.com/yurika0211/luckyharness/internal/gateway/telegram/handler.go:652.18,657.5 2 0
github.com/yurika0211/luckyharness/internal/gateway/telegram/handler.go:660.4,660.22 1 0
github.com/yurika0211/luckyharness/internal/gateway/telegram/handler.go:660.22,663.5 2 0
github.com/yurika0211/luckyharness/internal/gateway/telegram/handler.go:664.4,664.14 1 0
github.com/yurika0211/luckyharness/internal/gateway/telegram/handler.go:669.3,669.17 1 0
github.com/yurika0211/luckyharness/internal/gateway/telegram/handler.go:669.17,671.4 1 0
github.com/yurika0211/luckyharness/internal/gateway/telegram/handler.go:672.3,672.116 1 0
github.com/yurika0211/luckyharness/internal/gateway/telegram/handler.go:674.16,675.21 1 0
github.com/yurika0211/luckyharness/internal/gateway/telegram/handler.go:675.21,677.4 1 0
github.com/yurika0211/luckyharness/internal/gateway/telegram/handler.go:678.3,678.52 1 0
github.com/yurika0211/luckyharness/internal/gateway/telegram/handler.go:678.52,680.4 1 0
github.com/yurika0211/luckyharness/internal/gateway/telegram/handler.go:681.3,681.89 1 0
github.com/yurika0211/luckyharness/internal/gateway/telegram/handler.go:683.15,684.21 1 0
github.com/yurika0211/luckyharness/internal/gateway/telegram/handler.go:684.21,686.4 1 0
github.com/yurika0211/luckyharness/internal/gateway/telegram/handler.go:687.3,687.51 1 0
github.com/yurika0211/luckyharness/internal/gateway/telegram/handler.go:687.51,689.4 1 0
github.com/yurika0211/luckyharness/internal/gateway/telegram/handler.go:690.3,690.88 1 0
github.com/yurika0211/luckyharness/internal/gateway/telegram/handler.go:692.16,693.21 1 0
github.com/yurika0211/luckyharness/internal/gateway/telegram/handler.go:693.21,695.4 1 0
github.com/yurika0211/luckyharness/internal/gateway/telegram/handler.go:696.3,696.52 1 0
github.com/yurika0211/luckyharness/internal/gateway/telegram/handler.go:696.52,698.4 1 0
github.com/yurika0211/luckyharness/internal/gateway/telegram/handler.go:699.3,699.92 1 0
github.com/yurika0211/luckyharness/internal/gateway/telegram/handler.go:701.10,702.89 1 0
github.com/yurika0211/luckyharness/internal/gateway/telegram/handler.go:707.82,719.2 4 0
github.com/yurika0211/luckyharness/internal/gateway/telegram/handler.go:722.81,731.28 5 0
github.com/yurika0211/luckyharness/internal/gateway/telegram/handler.go:731.28,733.3 1 0
github.com/yurika0211/luckyharness/internal/gateway/telegram/handler.go:733.8,735.3 1 0
github.com/yurika0211/luckyharness/internal/gateway/telegram/handler.go:738.2,746.16 5 0
github.com/yurika0211/luckyharness/internal/gateway/telegram/handler.go:746.16,748.3 1 0
github.com/yurika0211/luckyharness/internal/gateway/telegram/handler.go:751.2,755.54 4 0
