mode: set
github.com/yurika0211/luckyharness/internal/websocket/handler.go:20.52,25.2 1 1
github.com/yurika0211/luckyharness/internal/websocket/handler.go:28.68,29.18 1 0
github.com/yurika0211/luckyharness/internal/websocket/handler.go:30.16,31.28 1 0
github.com/yurika0211/luckyharness/internal/websocket/handler.go:32.21,34.80 1 0
github.com/yurika0211/luckyharness/internal/websocket/handler.go:35.10,36.80 1 0
github.com/yurika0211/luckyharness/internal/websocket/handler.go:41.65,43.45 2 0
github.com/yurika0211/luckyharness/internal/websocket/handler.go:43.45,50.3 3 0
github.com/yurika0211/luckyharness/internal/websocket/handler.go:53.2,61.51 4 0
github.com/yurika0211/luckyharness/internal/websocket/handler.go:61.51,64.3 2 0
github.com/yurika0211/luckyharness/internal/websocket/handler.go:66.2,70.12 4 0
github.com/yurika0211/luckyharness/internal/websocket/handler.go:70.12,71.16 1 0
github.com/yurika0211/luckyharness/internal/websocket/handler.go:71.16,75.4 3 0
github.com/yurika0211/luckyharness/internal/websocket/handler.go:77.3,77.18 1 0
github.com/yurika0211/luckyharness/internal/websocket/handler.go:77.18,79.4 1 0
github.com/yurika0211/luckyharness/internal/websocket/handler.go:79.9,81.4 1 0
github.com/yurika0211/luckyharness/internal/websocket/handler.go:86.102,96.16 4 0
github.com/yurika0211/luckyharness/internal/websocket/handler.go:96.16,104.3 4 0
github.com/yurika0211/luckyharness/internal/websocket/handler.go:107.2,118.21 5 0
github.com/yurika0211/luckyharness/internal/websocket/handler.go:122.104,132.16 4 0
github.com/yurika0211/luckyharness/internal/websocket/handler.go:132.16,140.3 4 0
github.com/yurika0211/luckyharness/internal/websocket/handler.go:142.2,143.30 2 0
github.com/yurika0211/luckyharness/internal/websocket/handler.go:143.30,152.3 4 0
github.com/yurika0211/luckyharness/internal/websocket/handler.go:155.2,166.21 5 0
github.com/yurika0211/luckyharness/internal/websocket/handler.go:170.56,173.44 3 1
github.com/yurika0211/luckyharness/internal/websocket/handler.go:173.44,176.3 2 0
github.com/yurika0211/luckyharness/internal/websocket/handler.go:180.43,184.2 3 1
github.com/yurika0211/luckyharness/internal/websocket/hub.go:66.35,75.2 1 1
github.com/yurika0211/luckyharness/internal/websocket/hub.go:78.57,90.44 2 1
github.com/yurika0211/luckyharness/internal/websocket/hub.go:90.44,93.21 2 1
github.com/yurika0211/luckyharness/internal/websocket/hub.go:93.21,95.6 1 1
github.com/yurika0211/luckyharness/internal/websocket/hub.go:97.5,98.99 2 0
github.com/yurika0211/luckyharness/internal/websocket/hub.go:107.21,109.6 2 1
github.com/yurika0211/luckyharness/internal/websocket/hub.go:109.6,110.10 1 1
github.com/yurika0211/luckyharness/internal/websocket/hub.go:111.23,114.10 3 1
github.com/yurika0211/luckyharness/internal/websocket/hub.go:115.31,118.43 3 1
github.com/yurika0211/luckyharness/internal/websocket/hub.go:118.43,120.5 1 1
github.com/yurika0211/luckyharness/internal/websocket/hub.go:121.4,127.88 7 1
github.com/yurika0211/luckyharness/internal/websocket/hub.go:129.33,131.41 2 1
github.com/yurika0211/luckyharness/internal/websocket/hub.go:131.41,133.53 2 1
github.com/yurika0211/luckyharness/internal/websocket/hub.go:133.53,135.24 2 1
github.com/yurika0211/luckyharness/internal/websocket/hub.go:135.24,137.7 1 1
github.com/yurika0211/luckyharness/internal/websocket/hub.go:139.5,139.23 1 1
github.com/yurika0211/luckyharness/internal/websocket/hub.go:141.4,145.91 5 1
github.com/yurika0211/luckyharness/internal/websocket/hub.go:147.29,150.49 2 1
github.com/yurika0211/luckyharness/internal/websocket/hub.go:150.49,151.32 1 1
github.com/yurika0211/luckyharness/internal/websocket/hub.go:151.32,152.47 1 1
github.com/yurika0211/luckyharness/internal/websocket/hub.go:152.47,153.14 1 1
github.com/yurika0211/luckyharness/internal/websocket/hub.go:154.31,154.31 0 1
github.com/yurika0211/luckyharness/internal/websocket/hub.go:155.15,159.20 3 0
github.com/yurika0211/luckyharness/internal/websocket/hub.go:164.4,167.23 4 1
github.com/yurika0211/luckyharness/internal/websocket/hub.go:173.22,175.2 1 1
github.com/yurika0211/luckyharness/internal/websocket/hub.go:178.26,181.36 3 1
github.com/yurika0211/luckyharness/internal/websocket/hub.go:181.36,185.3 3 1
github.com/yurika0211/luckyharness/internal/websocket/hub.go:186.2,186.47 1 1
github.com/yurika0211/luckyharness/internal/websocket/hub.go:190.65,192.21 2 1
github.com/yurika0211/luckyharness/internal/websocket/hub.go:192.21,194.3 1 1
github.com/yurika0211/luckyharness/internal/websocket/hub.go:196.2,197.16 2 1
github.com/yurika0211/luckyharness/internal/websocket/hub.go:197.16,200.3 2 0
github.com/yurika0211/luckyharness/internal/websocket/hub.go:202.2,215.22 4 1
github.com/yurika0211/luckyharness/internal/websocket/hub.go:219.61,222.2 2 1
github.com/yurika0211/luckyharness/internal/websocket/hub.go:225.59,229.8 4 1
github.com/yurika0211/luckyharness/internal/websocket/hub.go:229.8,230.10 1 0
github.com/yurika0211/luckyharness/internal/websocket/hub.go:231.27,231.27 0 0
github.com/yurika0211/luckyharness/internal/websocket/hub.go:232.11,233.26 1 0
github.com/yurika0211/luckyharness/internal/websocket/hub.go:239.35,248.2 3 1
github.com/yurika0211/luckyharness/internal/websocket/hub.go:251.34,255.2 3 1
github.com/yurika0211/luckyharness/internal/websocket/hub.go:258.33,262.2 3 1
github.com/yurika0211/luckyharness/internal/websocket/hub.go:265.29,266.15 1 1
github.com/yurika0211/luckyharness/internal/websocket/hub.go:266.15,269.3 2 1
github.com/yurika0211/luckyharness/internal/websocket/hub.go:271.2,273.43 3 1
github.com/yurika0211/luckyharness/internal/websocket/hub.go:273.43,277.3 3 0
github.com/yurika0211/luckyharness/internal/websocket/hub.go:279.2,279.6 1 1
github.com/yurika0211/luckyharness/internal/websocket/hub.go:279.6,281.17 2 1
github.com/yurika0211/luckyharness/internal/websocket/hub.go:281.17,282.103 1 1
github.com/yurika0211/luckyharness/internal/websocket/hub.go:282.103,287.5 4 0
github.com/yurika0211/luckyharness/internal/websocket/hub.go:288.4,288.9 1 1
github.com/yurika0211/luckyharness/internal/websocket/hub.go:291.3,292.17 2 1
github.com/yurika0211/luckyharness/internal/websocket/hub.go:292.17,299.12 4 0
github.com/yurika0211/luckyharness/internal/websocket/hub.go:302.3,305.27 2 1
github.com/yurika0211/luckyharness/internal/websocket/hub.go:305.27,308.12 3 1
github.com/yurika0211/luckyharness/internal/websocket/hub.go:312.3,312.32 1 1
github.com/yurika0211/luckyharness/internal/websocket/hub.go:312.32,314.47 2 1
github.com/yurika0211/luckyharness/internal/websocket/hub.go:314.47,316.5 1 1
github.com/yurika0211/luckyharness/internal/websocket/hub.go:317.4,322.12 3 1
github.com/yurika0211/luckyharness/internal/websocket/hub.go:326.3,326.27 1 0
github.com/yurika0211/luckyharness/internal/websocket/hub.go:326.27,328.4 1 0
github.com/yurika0211/luckyharness/internal/websocket/hub.go:333.30,335.15 2 1
github.com/yurika0211/luckyharness/internal/websocket/hub.go:335.15,338.3 2 1
github.com/yurika0211/luckyharness/internal/websocket/hub.go:340.2,340.6 1 1
github.com/yurika0211/luckyharness/internal/websocket/hub.go:340.6,341.10 1 1
github.com/yurika0211/luckyharness/internal/websocket/hub.go:342.28,344.11 2 1
github.com/yurika0211/luckyharness/internal/websocket/hub.go:344.11,347.5 2 1
github.com/yurika0211/luckyharness/internal/websocket/hub.go:349.4,350.18 2 1
github.com/yurika0211/luckyharness/internal/websocket/hub.go:350.18,352.13 2 0
github.com/yurika0211/luckyharness/internal/websocket/hub.go:355.4,355.75 1 1
github.com/yurika0211/luckyharness/internal/websocket/hub.go:355.75,358.5 2 0
github.com/yurika0211/luckyharness/internal/websocket/hub.go:360.19,362.74 2 0
github.com/yurika0211/luckyharness/internal/websocket/hub.go:362.74,364.5 1 0
github.com/yurika0211/luckyharness/internal/websocket/message.go:92.92,94.16 2 1
github.com/yurika0211/luckyharness/internal/websocket/message.go:94.16,96.3 1 1
github.com/yurika0211/luckyharness/internal/websocket/message.go:97.2,103.8 1 1
github.com/yurika0211/luckyharness/internal/websocket/message.go:107.49,109.50 2 1
github.com/yurika0211/luckyharness/internal/websocket/message.go:109.50,111.3 1 1
github.com/yurika0211/luckyharness/internal/websocket/message.go:112.2,112.18 1 1
github.com/yurika0211/luckyharness/internal/websocket/message.go:116.50,118.2 1 1
github.com/yurika0211/luckyharness/internal/websocket/message.go:124.26,129.2 4 1
